<?xml version="1.0" encoding="UTF-8"?>
<testsuite xmlns:xsi="http://www.w3.org/2001/XMLSchema-instance" xsi:noNamespaceSchemaLocation="https://maven.apache.org/surefire/maven-surefire-plugin/xsd/surefire-test-report-3.0.xsd" version="3.0" name="HackatonWaki.HackatonWakiApplicationTests" time="15.789" tests="1" errors="0" skipped="0" failures="0">
  <properties>
[...]
</properties>
  <testcase name="contextLoads" classname="HackatonWaki.HackatonWakiApplicationTests" time="0.439">
    <system-out><![CDATA[06:14:29.787 [main] INFO org.springframework.test.context.support.AnnotationConfigContextLoaderUtils -- Could not detect default configuration classes for test class [HackatonWaki.HackatonWakiApplicationTests]: HackatonWakiApplicationTests does not declare any static, non-private, non-final, nested classes annotated with @Configuration.
06:14:29.906 [main] INFO org.springframework.boot.test.context.SpringBootTestContextBootstrapper -- Found @SpringBootConfiguration HackatonWaki.HackatonWakiApplication for test class HackatonWaki.HackatonWakiApplicationTests
06:14:30.063 [main] INFO org.springframework.boot.devtools.restart.RestartApplicationListener -- Restart disabled due to context in which it is running

  .   ____          _            __ _ _
 /\\ / ___'_ __ _ _(_)_ __  __ _ \ \ \ \
( ( )\___ | '_ | '_| | '_ \/ _` | \ \ \ \
 \\/  ___)| |_)| | | | | || (_| |  ) ) ) )
  '  |____| .__|_| |_|_| |_\__, | / / / /
 =========|_|==============|___/=/_/_/_/

 :: Spring Boot ::                (v3.3.4)

2024-10-06T06:14:30.418-03:00  INFO 11972 --- [HackatonWaki] [           main] H.HackatonWakiApplicationTests           : Starting HackatonWakiApplicationTests using Java 22.0.2 with PID 11972 (started by Cristian in F:\Cosas\Programas\Java\No-Country-Hackaton\backend)
2024-10-06T06:14:30.419-03:00  INFO 11972 --- [HackatonWaki] [           main] H.HackatonWakiApplicationTests           : No active profile set, falling back to 1 default profile: "default"
2024-10-06T06:14:31.367-03:00  INFO 11972 --- [HackatonWaki] [           main] .s.d.r.c.RepositoryConfigurationDelegate : Bootstrapping Spring Data JPA repositories in DEFAULT mode.
2024-10-06T06:14:31.435-03:00  INFO 11972 --- [HackatonWaki] [           main] .s.d.r.c.RepositoryConfigurationDelegate : Finished Spring Data repository scanning in 61 ms. Found 3 JPA repository interfaces.
2024-10-06T06:14:32.101-03:00  INFO 11972 --- [HackatonWaki] [           main] com.zaxxer.hikari.HikariDataSource       : HikariPool-1 - Starting...
2024-10-06T06:14:34.553-03:00  INFO 11972 --- [HackatonWaki] [           main] com.zaxxer.hikari.pool.HikariPool        : HikariPool-1 - Added connection com.mysql.cj.jdbc.ConnectionImpl@2aa6bbad
2024-10-06T06:14:34.555-03:00  INFO 11972 --- [HackatonWaki] [           main] com.zaxxer.hikari.HikariDataSource       : HikariPool-1 - Start completed.
2024-10-06T06:14:35.294-03:00  INFO 11972 --- [HackatonWaki] [           main] org.flywaydb.core.FlywayExecutor         : Database: jdbc:mysql://mysql-1617e5f3-cristiangomez0686-2156.h.aivencloud.com:10319/defaultdb (MySQL 8.0)
2024-10-06T06:14:38.077-03:00  INFO 11972 --- [HackatonWaki] [           main] o.f.core.internal.command.DbValidate     : Successfully validated 1 migration (execution time 00:01.220s)
2024-10-06T06:14:40.591-03:00  INFO 11972 --- [HackatonWaki] [           main] o.f.core.internal.command.DbMigrate      : Current version of schema `defaultdb`: 1
2024-10-06T06:14:40.768-03:00  INFO 11972 --- [HackatonWaki] [           main] o.f.core.internal.command.DbMigrate      : Schema `defaultdb` is up to date. No migration necessary.
2024-10-06T06:14:42.052-03:00  INFO 11972 --- [HackatonWaki] [           main] o.hibernate.jpa.internal.util.LogHelper  : HHH000204: Processing PersistenceUnitInfo [name: default]
2024-10-06T06:14:42.114-03:00  INFO 11972 --- [HackatonWaki] [           main] org.hibernate.Version                    : HHH000412: Hibernate ORM core version 6.5.3.Final
2024-10-06T06:14:42.146-03:00  INFO 11972 --- [HackatonWaki] [           main] o.h.c.internal.RegionFactoryInitiator    : HHH000026: Second-level cache disabled
2024-10-06T06:14:42.440-03:00  INFO 11972 --- [HackatonWaki] [           main] o.s.o.j.p.SpringPersistenceUnitInfo      : No LoadTimeWeaver setup: ignoring JPA class transformer
2024-10-06T06:14:43.695-03:00  INFO 11972 --- [HackatonWaki] [           main] o.h.e.t.j.p.i.JtaPlatformInitiator       : HHH000489: No JTA platform available (set 'hibernate.transaction.jta.platform' to enable JTA platform integration)
2024-10-06T06:14:43.698-03:00  INFO 11972 --- [HackatonWaki] [           main] j.LocalContainerEntityManagerFactoryBean : Initialized JPA EntityManagerFactory for persistence unit 'default'
2024-10-06T06:14:44.069-03:00  INFO 11972 --- [HackatonWaki] [           main] r$InitializeUserDetailsManagerConfigurer : Global AuthenticationManager configured with UserDetailsService bean with name userDetailsServiceImpl
Se habilita configuracion de CORS org.springframework.web.cors.UrlBasedCorsConfigurationSource@138110f8
2024-10-06T06:14:44.212-03:00  WARN 11972 --- [HackatonWaki] [           main] JpaBaseConfiguration$JpaWebConfiguration : spring.jpa.open-in-view is enabled by default. Therefore, database queries may be performed during view rendering. Explicitly configure spring.jpa.open-in-view to disable this warning
2024-10-06T06:14:44.952-03:00  INFO 11972 --- [HackatonWaki] [           main] H.HackatonWakiApplicationTests           : Started HackatonWakiApplicationTests in 14.903 seconds (process running for 15.914)
]]></system-out>
    <system-err><![CDATA[WARNING: A Java agent has been loaded dynamically (C:\Users\Cristian\.m2\repository\net\bytebuddy\byte-buddy-agent\1.14.19\byte-buddy-agent-1.14.19.jar)
WARNING: If a serviceability tool is in use, please run with -XX:+EnableDynamicAgentLoading to hide this warning
WARNING: If a serviceability tool is not in use, please run with -Djdk.instrument.traceUsage for more information
WARNING: Dynamic loading of agents will be disallowed by default in a future release
]]></system-err>
  </testcase>
</testsuite>