<?xml version="1.0" encoding="UTF-8"?>
<testsuite xmlns:xsi="http://www.w3.org/2001/XMLSchema-instance" xsi:noNamespaceSchemaLocation="https://maven.apache.org/surefire/maven-surefire-plugin/xsd/surefire-test-report-3.0.xsd" version="3.0" name="HackatonWaki.HackatonWakiApplicationTests" time="12.141" tests="1" errors="0" skipped="0" failures="0">
  <properties>
[...]
</properties>
  <testcase name="contextLoads" classname="HackatonWaki.HackatonWakiApplicationTests" time="0.505">
    <system-out><![CDATA[05:23:22.456 [main] INFO org.springframework.test.context.support.AnnotationConfigContextLoaderUtils -- Could not detect default configuration classes for test class [HackatonWaki.HackatonWakiApplicationTests]: HackatonWakiApplicationTests does not declare any static, non-private, non-final, nested classes annotated with @Configuration.
05:23:22.573 [main] INFO org.springframework.boot.test.context.SpringBootTestContextBootstrapper -- Found @SpringBootConfiguration HackatonWaki.HackatonWakiApplication for test class HackatonWaki.HackatonWakiApplicationTests
05:23:22.742 [main] INFO org.springframework.boot.devtools.restart.RestartApplicationListener -- Restart disabled due to context in which it is running

  .   ____          _            __ _ _
 /\\ / ___'_ __ _ _(_)_ __  __ _ \ \ \ \
( ( )\___ | '_ | '_| | '_ \/ _` | \ \ \ \
 \\/  ___)| |_)| | | | | || (_| |  ) ) ) )
  '  |____| .__|_| |_|_| |_\__, | / / / /
 =========|_|==============|___/=/_/_/_/

 :: Spring Boot ::                (v3.3.4)

2024-10-06T05:23:23.096-03:00  INFO 14184 --- [HackatonWaki] [           main] H.HackatonWakiApplicationTests           : Starting HackatonWakiApplicationTests using Java 22.0.2 with PID 14184 (started by Cristian in F:\Cosas\Programas\Java\No-Country-Hackaton\backend)
2024-10-06T05:23:23.098-03:00  INFO 14184 --- [HackatonWaki] [           main] H.HackatonWakiApplicationTests           : The following 1 profile is active: "prod"
2024-10-06T05:23:23.099-03:00 DEBUG 14184 --- [HackatonWaki] [           main] o.s.boot.SpringApplication               : Loading source class HackatonWaki.HackatonWakiApplication
2024-10-06T05:23:23.131-03:00 DEBUG 14184 --- [HackatonWaki] [           main] o.s.w.c.s.GenericWebApplicationContext   : Refreshing org.springframework.web.context.support.GenericWebApplicationContext@492fc69e
2024-10-06T05:23:23.150-03:00 DEBUG 14184 --- [HackatonWaki] [           main] o.s.b.f.s.DefaultListableBeanFactory     : Creating shared instance of singleton bean 'org.springframework.context.annotation.internalConfigurationAnnotationProcessor'
2024-10-06T05:23:23.165-03:00 DEBUG 14184 --- [HackatonWaki] [           main] o.s.b.f.s.DefaultListableBeanFactory     : Creating shared instance of singleton bean 'org.springframework.boot.autoconfigure.internalCachingMetadataReaderFactory'
2024-10-06T05:23:23.204-03:00 DEBUG 14184 --- [HackatonWaki] [           main] o.s.c.a.ClassPathBeanDefinitionScanner   : Identified candidate component class: file [F:\Cosas\Programas\Java\No-Country-Hackaton\backend\target\classes\HackatonWaki\config\MvCConfig.class]
2024-10-06T05:23:23.206-03:00 DEBUG 14184 --- [HackatonWaki] [           main] o.s.c.a.ClassPathBeanDefinitionScanner   : Identified candidate component class: file [F:\Cosas\Programas\Java\No-Country-Hackaton\backend\target\classes\HackatonWaki\config\OpenAPI3Configuration.class]
2024-10-06T05:23:23.246-03:00 DEBUG 14184 --- [HackatonWaki] [           main] o.s.c.a.ClassPathBeanDefinitionScanner   : Identified candidate component class: file [F:\Cosas\Programas\Java\No-Country-Hackaton\backend\target\classes\HackatonWaki\controllers\AdminController.class]
2024-10-06T05:23:23.247-03:00 DEBUG 14184 --- [HackatonWaki] [           main] o.s.c.a.ClassPathBeanDefinitionScanner   : Identified candidate component class: file [F:\Cosas\Programas\Java\No-Country-Hackaton\backend\target\classes\HackatonWaki\controllers\AutenticacionController.class]
2024-10-06T05:23:23.254-03:00 DEBUG 14184 --- [HackatonWaki] [           main] o.s.c.a.ClassPathBeanDefinitionScanner   : Identified candidate component class: file [F:\Cosas\Programas\Java\No-Country-Hackaton\backend\target\classes\HackatonWaki\controllers\ClienteController.class]
2024-10-06T05:23:23.255-03:00 DEBUG 14184 --- [HackatonWaki] [           main] o.s.c.a.ClassPathBeanDefinitionScanner   : Identified candidate component class: file [F:\Cosas\Programas\Java\No-Country-Hackaton\backend\target\classes\HackatonWaki\cors\CorsConfig.class]
2024-10-06T05:23:23.277-03:00 DEBUG 14184 --- [HackatonWaki] [           main] o.s.c.a.ClassPathBeanDefinitionScanner   : Identified candidate component class: file [F:\Cosas\Programas\Java\No-Country-Hackaton\backend\target\classes\HackatonWaki\exceptions\GlobalExceptionsHandler.class]
2024-10-06T05:23:23.279-03:00 DEBUG 14184 --- [HackatonWaki] [           main] o.s.c.a.ClassPathBeanDefinitionScanner   : Identified candidate component class: file [F:\Cosas\Programas\Java\No-Country-Hackaton\backend\target\classes\HackatonWaki\mappers\AdminMapperImpl.class]
2024-10-06T05:23:23.280-03:00 DEBUG 14184 --- [HackatonWaki] [           main] o.s.c.a.ClassPathBeanDefinitionScanner   : Identified candidate component class: file [F:\Cosas\Programas\Java\No-Country-Hackaton\backend\target\classes\HackatonWaki\mappers\ClienteMapperImpl.class]
2024-10-06T05:23:23.281-03:00 DEBUG 14184 --- [HackatonWaki] [           main] o.s.c.a.ClassPathBeanDefinitionScanner   : Identified candidate component class: file [F:\Cosas\Programas\Java\No-Country-Hackaton\backend\target\classes\HackatonWaki\mappers\UserMapperImpl.class]
2024-10-06T05:23:23.292-03:00 DEBUG 14184 --- [HackatonWaki] [           main] o.s.c.a.ClassPathBeanDefinitionScanner   : Identified candidate component class: file [F:\Cosas\Programas\Java\No-Country-Hackaton\backend\target\classes\HackatonWaki\security\SecurityConfiguration.class]
2024-10-06T05:23:23.293-03:00 DEBUG 14184 --- [HackatonWaki] [           main] o.s.c.a.ClassPathBeanDefinitionScanner   : Identified candidate component class: file [F:\Cosas\Programas\Java\No-Country-Hackaton\backend\target\classes\HackatonWaki\security\SecurityFilter.class]
2024-10-06T05:23:23.296-03:00 DEBUG 14184 --- [HackatonWaki] [           main] o.s.c.a.ClassPathBeanDefinitionScanner   : Identified candidate component class: file [F:\Cosas\Programas\Java\No-Country-Hackaton\backend\target\classes\HackatonWaki\services\Impl\AdminServiceImpl.class]
2024-10-06T05:23:23.297-03:00 DEBUG 14184 --- [HackatonWaki] [           main] o.s.c.a.ClassPathBeanDefinitionScanner   : Identified candidate component class: file [F:\Cosas\Programas\Java\No-Country-Hackaton\backend\target\classes\HackatonWaki\services\Impl\AutenticacionServiceImpl.class]
2024-10-06T05:23:23.298-03:00 DEBUG 14184 --- [HackatonWaki] [           main] o.s.c.a.ClassPathBeanDefinitionScanner   : Identified candidate component class: file [F:\Cosas\Programas\Java\No-Country-Hackaton\backend\target\classes\HackatonWaki\services\Impl\ClienteServiceImpl.class]
2024-10-06T05:23:23.301-03:00 DEBUG 14184 --- [HackatonWaki] [           main] o.s.c.a.ClassPathBeanDefinitionScanner   : Identified candidate component class: file [F:\Cosas\Programas\Java\No-Country-Hackaton\backend\target\classes\HackatonWaki\services\Impl\TokenServiceImpl.class]
2024-10-06T05:23:23.302-03:00 DEBUG 14184 --- [HackatonWaki] [           main] o.s.c.a.ClassPathBeanDefinitionScanner   : Identified candidate component class: file [F:\Cosas\Programas\Java\No-Country-Hackaton\backend\target\classes\HackatonWaki\services\Impl\UserDetailsServiceImpl.class]
2024-10-06T05:23:23.303-03:00 DEBUG 14184 --- [HackatonWaki] [           main] o.s.c.a.ClassPathBeanDefinitionScanner   : Identified candidate component class: file [F:\Cosas\Programas\Java\No-Country-Hackaton\backend\target\classes\HackatonWaki\services\Impl\UserServiceImpl.class]
2024-10-06T05:23:24.036-03:00  INFO 14184 --- [HackatonWaki] [           main] .s.d.r.c.RepositoryConfigurationDelegate : Bootstrapping Spring Data JPA repositories in DEFAULT mode.
2024-10-06T05:23:24.044-03:00 DEBUG 14184 --- [HackatonWaki] [           main] o.s.b.f.s.DefaultListableBeanFactory     : Creating shared instance of singleton bean 'org.springframework.boot.autoconfigure.AutoConfigurationPackages'
2024-10-06T05:23:24.051-03:00 DEBUG 14184 --- [HackatonWaki] [           main] o.s.b.a.AutoConfigurationPackages        : @EnableAutoConfiguration was declared on a class in the package 'HackatonWaki'. Automatic @Repository and @Entity scanning is enabled.
2024-10-06T05:23:24.052-03:00 DEBUG 14184 --- [HackatonWaki] [           main] .s.d.r.c.RepositoryConfigurationDelegate : Scanning for JPA repositories in packages HackatonWaki.
2024-10-06T05:23:24.066-03:00 DEBUG 14184 --- [HackatonWaki] [           main] o.s.d.r.c.RepositoryComponentProvider    : Identified candidate component class: file [F:\Cosas\Programas\Java\No-Country-Hackaton\backend\target\classes\HackatonWaki\repositorys\IAdminRepository.class]
2024-10-06T05:23:24.066-03:00 DEBUG 14184 --- [HackatonWaki] [           main] o.s.d.r.c.RepositoryComponentProvider    : Identified candidate component class: file [F:\Cosas\Programas\Java\No-Country-Hackaton\backend\target\classes\HackatonWaki\repositorys\IClienteRepository.class]
2024-10-06T05:23:24.066-03:00 DEBUG 14184 --- [HackatonWaki] [           main] o.s.d.r.c.RepositoryComponentProvider    : Identified candidate component class: file [F:\Cosas\Programas\Java\No-Country-Hackaton\backend\target\classes\HackatonWaki\repositorys\IUserRepository.class]
2024-10-06T05:23:24.096-03:00 DEBUG 14184 --- [HackatonWaki] [           main] ssPathScanningCandidateComponentProvider : Identified candidate component class: file [F:\Cosas\Programas\Java\No-Country-Hackaton\backend\target\classes\HackatonWaki\mappers\AdminMapperImpl.class]
2024-10-06T05:23:24.096-03:00 DEBUG 14184 --- [HackatonWaki] [           main] ssPathScanningCandidateComponentProvider : Identified candidate component class: file [F:\Cosas\Programas\Java\No-Country-Hackaton\backend\target\classes\HackatonWaki\mappers\ClienteMapperImpl.class]
2024-10-06T05:23:24.096-03:00 DEBUG 14184 --- [HackatonWaki] [           main] ssPathScanningCandidateComponentProvider : Identified candidate component class: file [F:\Cosas\Programas\Java\No-Country-Hackaton\backend\target\classes\HackatonWaki\mappers\UserMapperImpl.class]
2024-10-06T05:23:24.096-03:00 DEBUG 14184 --- [HackatonWaki] [           main] ssPathScanningCandidateComponentProvider : Identified candidate component class: file [F:\Cosas\Programas\Java\No-Country-Hackaton\backend\target\classes\HackatonWaki\services\Impl\AdminServiceImpl.class]
2024-10-06T05:23:24.097-03:00 DEBUG 14184 --- [HackatonWaki] [           main] ssPathScanningCandidateComponentProvider : Identified candidate component class: file [F:\Cosas\Programas\Java\No-Country-Hackaton\backend\target\classes\HackatonWaki\services\Impl\AutenticacionServiceImpl.class]
2024-10-06T05:23:24.097-03:00 DEBUG 14184 --- [HackatonWaki] [           main] ssPathScanningCandidateComponentProvider : Identified candidate component class: file [F:\Cosas\Programas\Java\No-Country-Hackaton\backend\target\classes\HackatonWaki\services\Impl\ClienteServiceImpl.class]
2024-10-06T05:23:24.097-03:00 DEBUG 14184 --- [HackatonWaki] [           main] ssPathScanningCandidateComponentProvider : Ignored because not a concrete top-level class: file [F:\Cosas\Programas\Java\No-Country-Hackaton\backend\target\classes\HackatonWaki\services\Impl\GenericServiceImpl.class]
2024-10-06T05:23:24.098-03:00 DEBUG 14184 --- [HackatonWaki] [           main] ssPathScanningCandidateComponentProvider : Identified candidate component class: file [F:\Cosas\Programas\Java\No-Country-Hackaton\backend\target\classes\HackatonWaki\services\Impl\TokenServiceImpl.class]
2024-10-06T05:23:24.098-03:00 DEBUG 14184 --- [HackatonWaki] [           main] ssPathScanningCandidateComponentProvider : Identified candidate component class: file [F:\Cosas\Programas\Java\No-Country-Hackaton\backend\target\classes\HackatonWaki\services\Impl\UserDetailsServiceImpl.class]
2024-10-06T05:23:24.098-03:00 DEBUG 14184 --- [HackatonWaki] [           main] ssPathScanningCandidateComponentProvider : Identified candidate component class: file [F:\Cosas\Programas\Java\No-Country-Hackaton\backend\target\classes\HackatonWaki\services\Impl\UserServiceImpl.class]
2024-10-06T05:23:24.111-03:00  INFO 14184 --- [HackatonWaki] [           main] .s.d.r.c.RepositoryConfigurationDelegate : Finished Spring Data repository scanning in 58 ms. Found 3 JPA repository interfaces.
2024-10-06T05:23:24.218-03:00 DEBUG 14184 --- [HackatonWaki] [           main] o.s.b.f.s.DefaultListableBeanFactory     : Creating shared instance of singleton bean 'springSecurityHandlerMappingIntrospectorBeanDefinitionRegistryPostProcessor'
2024-10-06T05:23:24.318-03:00 DEBUG 14184 --- [HackatonWaki] [           main] o.s.b.f.s.DefaultListableBeanFactory     : Creating shared instance of singleton bean 'propertySourcesPlaceholderConfigurer'
2024-10-06T05:23:24.322-03:00 DEBUG 14184 --- [HackatonWaki] [           main] o.s.b.f.s.DefaultListableBeanFactory     : Creating shared instance of singleton bean 'org.springframework.boot.test.mock.mockito.MockitoPostProcessor'
2024-10-06T05:23:24.324-03:00 DEBUG 14184 --- [HackatonWaki] [           main] o.s.b.f.s.DefaultListableBeanFactory     : Creating shared instance of singleton bean 'emBeanDefinitionRegistrarPostProcessor'
2024-10-06T05:23:24.324-03:00 DEBUG 14184 --- [HackatonWaki] [           main] o.s.b.f.s.DefaultListableBeanFactory     : Creating shared instance of singleton bean 'org.springframework.boot.sql.init.dependency.DatabaseInitializationDependencyConfigurer$DependsOnDatabaseInitializationPostProcessor'
2024-10-06T05:23:24.377-03:00 DEBUG 14184 --- [HackatonWaki] [           main] o.s.b.f.s.DefaultListableBeanFactory     : Creating shared instance of singleton bean 'org.springframework.context.event.internalEventListenerProcessor'
2024-10-06T05:23:24.378-03:00 DEBUG 14184 --- [HackatonWaki] [           main] o.s.b.f.s.DefaultListableBeanFactory     : Creating shared instance of singleton bean 'conversionServicePostProcessor'
2024-10-06T05:23:24.386-03:00 DEBUG 14184 --- [HackatonWaki] [           main] o.s.b.f.s.DefaultListableBeanFactory     : Creating shared instance of singleton bean 'preserveErrorControllerTargetClassPostProcessor'
2024-10-06T05:23:24.387-03:00 DEBUG 14184 --- [HackatonWaki] [           main] o.s.b.f.s.DefaultListableBeanFactory     : Creating shared instance of singleton bean 'org.springframework.context.event.internalEventListenerFactory'
2024-10-06T05:23:24.387-03:00 DEBUG 14184 --- [HackatonWaki] [           main] o.s.b.f.s.DefaultListableBeanFactory     : Creating shared instance of singleton bean 'org.springframework.transaction.config.internalTransactionalEventListenerFactory'
2024-10-06T05:23:24.391-03:00 DEBUG 14184 --- [HackatonWaki] [           main] o.s.b.f.s.DefaultListableBeanFactory     : Creating shared instance of singleton bean 'org.springframework.boot.test.mock.mockito.MockitoPostProcessor$SpyPostProcessor'
2024-10-06T05:23:24.392-03:00 DEBUG 14184 --- [HackatonWaki] [           main] o.s.b.f.s.DefaultListableBeanFactory     : Creating shared instance of singleton bean 'org.springframework.context.annotation.internalAutowiredAnnotationProcessor'
2024-10-06T05:23:24.394-03:00 DEBUG 14184 --- [HackatonWaki] [           main] o.s.b.f.s.DefaultListableBeanFactory     : Creating shared instance of singleton bean 'org.springframework.context.annotation.internalCommonAnnotationProcessor'
2024-10-06T05:23:24.398-03:00 DEBUG 14184 --- [HackatonWaki] [           main] o.s.b.f.s.DefaultListableBeanFactory     : Creating shared instance of singleton bean 'org.springframework.context.annotation.internalPersistenceAnnotationProcessor'
2024-10-06T05:23:24.398-03:00 DEBUG 14184 --- [HackatonWaki] [           main] o.s.b.f.s.DefaultListableBeanFactory     : Creating shared instance of singleton bean 'org.springframework.boot.context.properties.ConfigurationPropertiesBindingPostProcessor'
2024-10-06T05:23:24.399-03:00 DEBUG 14184 --- [HackatonWaki] [           main] o.s.b.f.s.DefaultListableBeanFactory     : Creating shared instance of singleton bean 'org.springframework.boot.context.internalConfigurationPropertiesBinder'
2024-10-06T05:23:24.401-03:00 DEBUG 14184 --- [HackatonWaki] [           main] o.s.b.f.s.DefaultListableBeanFactory     : Creating shared instance of singleton bean 'jdbcConnectionDetailsHikariBeanPostProcessor'
2024-10-06T05:23:24.405-03:00 DEBUG 14184 --- [HackatonWaki] [           main] o.s.b.f.s.DefaultListableBeanFactory     : Creating shared instance of singleton bean 'methodValidationPostProcessor'
2024-10-06T05:23:24.420-03:00 DEBUG 14184 --- [HackatonWaki] [           main] o.s.b.f.s.DefaultListableBeanFactory     : Autowiring by type from bean name 'methodValidationPostProcessor' via factory method to bean named 'environment'
2024-10-06T05:23:24.422-03:00 DEBUG 14184 --- [HackatonWaki] [           main] o.s.b.f.s.DefaultListableBeanFactory     : Creating shared instance of singleton bean 'org.springframework.boot.context.properties.EnableConfigurationPropertiesRegistrar.methodValidationExcludeFilter'
2024-10-06T05:23:24.440-03:00 DEBUG 14184 --- [HackatonWaki] [           main] o.s.b.f.s.DefaultListableBeanFactory     : Creating shared instance of singleton bean 'org.springframework.aop.config.internalAutoProxyCreator'
2024-10-06T05:23:24.459-03:00 DEBUG 14184 --- [HackatonWaki] [           main] o.s.b.f.s.DefaultListableBeanFactory     : Creating shared instance of singleton bean 'persistenceExceptionTranslationPostProcessor'
2024-10-06T05:23:24.460-03:00 DEBUG 14184 --- [HackatonWaki] [           main] o.s.b.f.s.DefaultListableBeanFactory     : Autowiring by type from bean name 'persistenceExceptionTranslationPostProcessor' via factory method to bean named 'environment'
2024-10-06T05:23:24.463-03:00 DEBUG 14184 --- [HackatonWaki] [           main] o.s.b.f.s.DefaultListableBeanFactory     : Creating shared instance of singleton bean 'webServerFactoryCustomizerBeanPostProcessor'
2024-10-06T05:23:24.464-03:00 DEBUG 14184 --- [HackatonWaki] [           main] o.s.b.f.s.DefaultListableBeanFactory     : Creating shared instance of singleton bean 'errorPageRegistrarBeanPostProcessor'
2024-10-06T05:23:24.464-03:00 DEBUG 14184 --- [HackatonWaki] [           main] o.s.b.f.s.DefaultListableBeanFactory     : Creating shared instance of singleton bean 'projectingArgumentResolverBeanPostProcessor'
2024-10-06T05:23:24.466-03:00 DEBUG 14184 --- [HackatonWaki] [           main] o.s.b.f.s.DefaultListableBeanFactory     : Creating shared instance of singleton bean 'org.springframework.transaction.config.internalTransactionAdvisor'
2024-10-06T05:23:24.466-03:00 DEBUG 14184 --- [HackatonWaki] [           main] o.s.b.f.s.DefaultListableBeanFactory     : Creating shared instance of singleton bean 'org.springframework.transaction.annotation.ProxyTransactionManagementConfiguration'
2024-10-06T05:23:24.477-03:00 DEBUG 14184 --- [HackatonWaki] [           main] o.s.b.f.s.DefaultListableBeanFactory     : Creating shared instance of singleton bean 'transactionAttributeSource'
2024-10-06T05:23:24.479-03:00 DEBUG 14184 --- [HackatonWaki] [           main] o.s.b.f.s.DefaultListableBeanFactory     : Creating shared instance of singleton bean 'transactionInterceptor'
2024-10-06T05:23:24.479-03:00 DEBUG 14184 --- [HackatonWaki] [           main] o.s.b.f.s.DefaultListableBeanFactory     : Autowiring by type from bean name 'transactionInterceptor' via factory method to bean named 'transactionAttributeSource'
2024-10-06T05:23:24.484-03:00 DEBUG 14184 --- [HackatonWaki] [           main] o.s.b.f.s.DefaultListableBeanFactory     : Autowiring by type from bean name 'org.springframework.transaction.config.internalTransactionAdvisor' via factory method to bean named 'transactionAttributeSource'
2024-10-06T05:23:24.484-03:00 DEBUG 14184 --- [HackatonWaki] [           main] o.s.b.f.s.DefaultListableBeanFactory     : Autowiring by type from bean name 'org.springframework.transaction.config.internalTransactionAdvisor' via factory method to bean named 'transactionInterceptor'
2024-10-06T05:23:24.506-03:00 DEBUG 14184 --- [HackatonWaki] [           main] o.s.u.c.s.UiApplicationContextUtils      : Unable to locate ThemeSource with name 'themeSource': using default [org.springframework.ui.context.support.ResourceBundleThemeSource@3d2f3dcb]
2024-10-06T05:23:24.508-03:00 DEBUG 14184 --- [HackatonWaki] [           main] o.s.b.f.s.DefaultListableBeanFactory     : Creating shared instance of singleton bean 'dataSourceScriptDatabaseInitializer'
2024-10-06T05:23:24.508-03:00 DEBUG 14184 --- [HackatonWaki] [           main] o.s.b.f.s.DefaultListableBeanFactory     : Creating shared instance of singleton bean 'org.springframework.boot.autoconfigure.sql.init.DataSourceInitializationConfiguration'
2024-10-06T05:23:24.510-03:00 DEBUG 14184 --- [HackatonWaki] [           main] o.s.b.f.s.DefaultListableBeanFactory     : Creating shared instance of singleton bean 'dataSource'
2024-10-06T05:23:24.510-03:00 DEBUG 14184 --- [HackatonWaki] [           main] o.s.b.f.s.DefaultListableBeanFactory     : Creating shared instance of singleton bean 'org.springframework.boot.autoconfigure.jdbc.DataSourceConfiguration$Hikari'
2024-10-06T05:23:24.511-03:00 DEBUG 14184 --- [HackatonWaki] [           main] o.s.b.f.s.DefaultListableBeanFactory     : Creating shared instance of singleton bean 'spring.datasource-org.springframework.boot.autoconfigure.jdbc.DataSourceProperties'
2024-10-06T05:23:24.512-03:00 DEBUG 14184 --- [HackatonWaki] [           main] o.s.b.f.s.DefaultListableBeanFactory     : Creating shared instance of singleton bean 'org.springframework.boot.context.properties.BoundConfigurationProperties'
2024-10-06T05:23:24.523-03:00 DEBUG 14184 --- [HackatonWaki] [           main] ySourcesPropertyResolver$DefaultResolver : Found key 'DB_PASSWORD_AIVEN' in PropertySource 'systemEnvironment' with value of type String
2024-10-06T05:23:24.525-03:00 DEBUG 14184 --- [HackatonWaki] [           main] ySourcesPropertyResolver$DefaultResolver : Found key 'DB_USERNAME_AIVEN' in PropertySource 'systemEnvironment' with value of type String
2024-10-06T05:23:24.533-03:00 DEBUG 14184 --- [HackatonWaki] [           main] o.s.b.f.s.DefaultListableBeanFactory     : Creating shared instance of singleton bean 'jdbcConnectionDetails'
2024-10-06T05:23:24.534-03:00 DEBUG 14184 --- [HackatonWaki] [           main] o.s.b.f.s.DefaultListableBeanFactory     : Creating shared instance of singleton bean 'org.springframework.boot.autoconfigure.jdbc.DataSourceAutoConfiguration$PooledDataSourceConfiguration'
2024-10-06T05:23:24.535-03:00 DEBUG 14184 --- [HackatonWaki] [           main] o.s.b.f.s.DefaultListableBeanFactory     : Autowiring by type from bean name 'jdbcConnectionDetails' via factory method to bean named 'spring.datasource-org.springframework.boot.autoconfigure.jdbc.DataSourceProperties'
2024-10-06T05:23:24.537-03:00 DEBUG 14184 --- [HackatonWaki] [           main] o.s.b.f.s.DefaultListableBeanFactory     : Autowiring by type from bean name 'dataSource' via factory method to bean named 'spring.datasource-org.springframework.boot.autoconfigure.jdbc.DataSourceProperties'
2024-10-06T05:23:24.537-03:00 DEBUG 14184 --- [HackatonWaki] [           main] o.s.b.f.s.DefaultListableBeanFactory     : Autowiring by type from bean name 'dataSource' via factory method to bean named 'jdbcConnectionDetails'
2024-10-06T05:23:24.543-03:00 DEBUG 14184 --- [HackatonWaki] [           main] com.zaxxer.hikari.HikariConfig           : Driver class com.mysql.cj.jdbc.Driver found in Thread context class loader jdk.internal.loader.ClassLoaders$AppClassLoader@70dea4e
2024-10-06T05:23:24.585-03:00 DEBUG 14184 --- [HackatonWaki] [           main] o.s.b.f.s.DefaultListableBeanFactory     : Creating shared instance of singleton bean 'spring.sql.init-org.springframework.boot.autoconfigure.sql.init.SqlInitializationProperties'
2024-10-06T05:23:24.588-03:00 DEBUG 14184 --- [HackatonWaki] [           main] o.s.b.f.s.DefaultListableBeanFactory     : Autowiring by type from bean name 'dataSourceScriptDatabaseInitializer' via factory method to bean named 'dataSource'
2024-10-06T05:23:24.589-03:00 DEBUG 14184 --- [HackatonWaki] [           main] o.s.b.f.s.DefaultListableBeanFactory     : Autowiring by type from bean name 'dataSourceScriptDatabaseInitializer' via factory method to bean named 'spring.sql.init-org.springframework.boot.autoconfigure.sql.init.SqlInitializationProperties'
2024-10-06T05:23:24.595-03:00 DEBUG 14184 --- [HackatonWaki] [           main] o.s.b.f.s.DefaultListableBeanFactory     : Creating shared instance of singleton bean 'entityManagerFactory'
2024-10-06T05:23:24.596-03:00 DEBUG 14184 --- [HackatonWaki] [           main] o.s.b.f.s.DefaultListableBeanFactory     : Creating shared instance of singleton bean 'org.springframework.boot.autoconfigure.orm.jpa.HibernateJpaConfiguration'
2024-10-06T05:23:24.598-03:00 DEBUG 14184 --- [HackatonWaki] [           main] o.s.b.f.s.DefaultListableBeanFactory     : Creating shared instance of singleton bean 'spring.jpa-org.springframework.boot.autoconfigure.orm.jpa.JpaProperties'
2024-10-06T05:23:24.605-03:00 DEBUG 14184 --- [HackatonWaki] [           main] o.s.b.f.s.DefaultListableBeanFactory     : Creating shared instance of singleton bean 'spring.jpa.hibernate-org.springframework.boot.autoconfigure.orm.jpa.HibernateProperties'
2024-10-06T05:23:24.609-03:00 DEBUG 14184 --- [HackatonWaki] [           main] o.s.b.f.s.DefaultListableBeanFactory     : Autowiring by type from bean name 'org.springframework.boot.autoconfigure.orm.jpa.HibernateJpaConfiguration' via constructor to bean named 'dataSource'
2024-10-06T05:23:24.609-03:00 DEBUG 14184 --- [HackatonWaki] [           main] o.s.b.f.s.DefaultListableBeanFactory     : Autowiring by type from bean name 'org.springframework.boot.autoconfigure.orm.jpa.HibernateJpaConfiguration' via constructor to bean named 'spring.jpa-org.springframework.boot.autoconfigure.orm.jpa.JpaProperties'
2024-10-06T05:23:24.609-03:00 DEBUG 14184 --- [HackatonWaki] [           main] o.s.b.f.s.DefaultListableBeanFactory     : Autowiring by type from bean name 'org.springframework.boot.autoconfigure.orm.jpa.HibernateJpaConfiguration' via constructor to bean named 'org.springframework.beans.factory.support.DefaultListableBeanFactory@49096b06'
2024-10-06T05:23:24.609-03:00 DEBUG 14184 --- [HackatonWaki] [           main] o.s.b.f.s.DefaultListableBeanFactory     : Autowiring by type from bean name 'org.springframework.boot.autoconfigure.orm.jpa.HibernateJpaConfiguration' via constructor to bean named 'spring.jpa.hibernate-org.springframework.boot.autoconfigure.orm.jpa.HibernateProperties'
2024-10-06T05:23:24.613-03:00 DEBUG 14184 --- [HackatonWaki] [           main] o.s.b.f.s.DefaultListableBeanFactory     : Creating shared instance of singleton bean 'hikariPoolDataSourceMetadataProvider'
2024-10-06T05:23:24.614-03:00 DEBUG 14184 --- [HackatonWaki] [           main] o.s.b.f.s.DefaultListableBeanFactory     : Creating shared instance of singleton bean 'org.springframework.boot.autoconfigure.jdbc.metadata.DataSourcePoolMetadataProvidersConfiguration$HikariPoolDataSourceMetadataProviderConfiguration'
2024-10-06T05:23:24.619-03:00 DEBUG 14184 --- [HackatonWaki] [           main] o.s.b.f.s.DefaultListableBeanFactory     : Creating shared instance of singleton bean 'entityManagerFactoryBuilder'
2024-10-06T05:23:24.620-03:00 DEBUG 14184 --- [HackatonWaki] [           main] o.s.b.f.s.DefaultListableBeanFactory     : Creating shared instance of singleton bean 'jpaVendorAdapter'
2024-10-06T05:23:24.633-03:00 DEBUG 14184 --- [HackatonWaki] [           main] o.s.b.f.s.DefaultListableBeanFactory     : Autowiring by type from bean name 'entityManagerFactoryBuilder' via factory method to bean named 'jpaVendorAdapter'
2024-10-06T05:23:24.637-03:00 DEBUG 14184 --- [HackatonWaki] [           main] o.s.b.f.s.DefaultListableBeanFactory     : Creating shared instance of singleton bean 'persistenceManagedTypes'
2024-10-06T05:23:24.638-03:00 DEBUG 14184 --- [HackatonWaki] [           main] o.s.b.f.s.DefaultListableBeanFactory     : Autowiring by type from bean name 'persistenceManagedTypes' via factory method to bean named 'org.springframework.beans.factory.support.DefaultListableBeanFactory@49096b06'
2024-10-06T05:23:24.638-03:00 DEBUG 14184 --- [HackatonWaki] [           main] o.s.b.f.s.DefaultListableBeanFactory     : Autowiring by type from bean name 'persistenceManagedTypes' via factory method to bean named 'org.springframework.web.context.support.GenericWebApplicationContext@492fc69e'
2024-10-06T05:23:24.651-03:00 DEBUG 14184 --- [HackatonWaki] [           main] o.s.b.f.s.DefaultListableBeanFactory     : Autowiring by type from bean name 'entityManagerFactory' via factory method to bean named 'entityManagerFactoryBuilder'
2024-10-06T05:23:24.651-03:00 DEBUG 14184 --- [HackatonWaki] [           main] o.s.b.f.s.DefaultListableBeanFactory     : Autowiring by type from bean name 'entityManagerFactory' via factory method to bean named 'persistenceManagedTypes'
2024-10-06T05:23:24.668-03:00 DEBUG 14184 --- [HackatonWaki] [           main] j.LocalContainerEntityManagerFactoryBean : Building JPA container EntityManagerFactory for persistence unit 'default'
2024-10-06T05:23:24.686-03:00  INFO 14184 --- [HackatonWaki] [           main] o.hibernate.jpa.internal.util.LogHelper  : HHH000204: Processing PersistenceUnitInfo [name: default]
2024-10-06T05:23:24.761-03:00  INFO 14184 --- [HackatonWaki] [           main] org.hibernate.Version                    : HHH000412: Hibernate ORM core version 6.5.3.Final
2024-10-06T05:23:24.800-03:00  INFO 14184 --- [HackatonWaki] [           main] o.h.c.internal.RegionFactoryInitiator    : HHH000026: Second-level cache disabled
2024-10-06T05:23:25.142-03:00  INFO 14184 --- [HackatonWaki] [           main] o.s.o.j.p.SpringPersistenceUnitInfo      : No LoadTimeWeaver setup: ignoring JPA class transformer
2024-10-06T05:23:25.172-03:00 DEBUG 14184 --- [HackatonWaki] [           main] com.zaxxer.hikari.HikariConfig           : HikariPool-1 - configuration:
2024-10-06T05:23:25.177-03:00 DEBUG 14184 --- [HackatonWaki] [           main] com.zaxxer.hikari.HikariConfig           : allowPoolSuspension.............false
2024-10-06T05:23:25.177-03:00 DEBUG 14184 --- [HackatonWaki] [           main] com.zaxxer.hikari.HikariConfig           : autoCommit......................true
2024-10-06T05:23:25.177-03:00 DEBUG 14184 --- [HackatonWaki] [           main] com.zaxxer.hikari.HikariConfig           : catalog.........................none
2024-10-06T05:23:25.177-03:00 DEBUG 14184 --- [HackatonWaki] [           main] com.zaxxer.hikari.HikariConfig           : connectionInitSql...............none
2024-10-06T05:23:25.178-03:00 DEBUG 14184 --- [HackatonWaki] [           main] com.zaxxer.hikari.HikariConfig           : connectionTestQuery.............none
2024-10-06T05:23:25.179-03:00 DEBUG 14184 --- [HackatonWaki] [           main] com.zaxxer.hikari.HikariConfig           : connectionTimeout...............30000
2024-10-06T05:23:25.179-03:00 DEBUG 14184 --- [HackatonWaki] [           main] com.zaxxer.hikari.HikariConfig           : dataSource......................none
2024-10-06T05:23:25.179-03:00 DEBUG 14184 --- [HackatonWaki] [           main] com.zaxxer.hikari.HikariConfig           : dataSourceClassName.............none
2024-10-06T05:23:25.179-03:00 DEBUG 14184 --- [HackatonWaki] [           main] com.zaxxer.hikari.HikariConfig           : dataSourceJNDI..................none
2024-10-06T05:23:25.180-03:00 DEBUG 14184 --- [HackatonWaki] [           main] com.zaxxer.hikari.HikariConfig           : dataSourceProperties............{password=<masked>}
2024-10-06T05:23:25.180-03:00 DEBUG 14184 --- [HackatonWaki] [           main] com.zaxxer.hikari.HikariConfig           : driverClassName................."com.mysql.cj.jdbc.Driver"
2024-10-06T05:23:25.180-03:00 DEBUG 14184 --- [HackatonWaki] [           main] com.zaxxer.hikari.HikariConfig           : exceptionOverrideClassName......none
2024-10-06T05:23:25.180-03:00 DEBUG 14184 --- [HackatonWaki] [           main] com.zaxxer.hikari.HikariConfig           : healthCheckProperties...........{}
2024-10-06T05:23:25.180-03:00 DEBUG 14184 --- [HackatonWaki] [           main] com.zaxxer.hikari.HikariConfig           : healthCheckRegistry.............none
2024-10-06T05:23:25.180-03:00 DEBUG 14184 --- [HackatonWaki] [           main] com.zaxxer.hikari.HikariConfig           : idleTimeout.....................600000
2024-10-06T05:23:25.180-03:00 DEBUG 14184 --- [HackatonWaki] [           main] com.zaxxer.hikari.HikariConfig           : initializationFailTimeout.......1
2024-10-06T05:23:25.181-03:00 DEBUG 14184 --- [HackatonWaki] [           main] com.zaxxer.hikari.HikariConfig           : isolateInternalQueries..........false
2024-10-06T05:23:25.181-03:00 DEBUG 14184 --- [HackatonWaki] [           main] com.zaxxer.hikari.HikariConfig           : jdbcUrl.........................jdbc:mysql://mysql-1617e5f3-cristiangomez0686-2156.h.aivencloud.com:10319/defaultdb?createDatabaseIfNotExist=true
2024-10-06T05:23:25.181-03:00 DEBUG 14184 --- [HackatonWaki] [           main] com.zaxxer.hikari.HikariConfig           : keepaliveTime...................0
2024-10-06T05:23:25.181-03:00 DEBUG 14184 --- [HackatonWaki] [           main] com.zaxxer.hikari.HikariConfig           : leakDetectionThreshold..........0
2024-10-06T05:23:25.181-03:00 DEBUG 14184 --- [HackatonWaki] [           main] com.zaxxer.hikari.HikariConfig           : maxLifetime.....................1800000
2024-10-06T05:23:25.181-03:00 DEBUG 14184 --- [HackatonWaki] [           main] com.zaxxer.hikari.HikariConfig           : maximumPoolSize.................10
2024-10-06T05:23:25.181-03:00 DEBUG 14184 --- [HackatonWaki] [           main] com.zaxxer.hikari.HikariConfig           : metricRegistry..................none
2024-10-06T05:23:25.181-03:00 DEBUG 14184 --- [HackatonWaki] [           main] com.zaxxer.hikari.HikariConfig           : metricsTrackerFactory...........none
2024-10-06T05:23:25.182-03:00 DEBUG 14184 --- [HackatonWaki] [           main] com.zaxxer.hikari.HikariConfig           : minimumIdle.....................10
2024-10-06T05:23:25.182-03:00 DEBUG 14184 --- [HackatonWaki] [           main] com.zaxxer.hikari.HikariConfig           : password........................<masked>
2024-10-06T05:23:25.182-03:00 DEBUG 14184 --- [HackatonWaki] [           main] com.zaxxer.hikari.HikariConfig           : poolName........................"HikariPool-1"
2024-10-06T05:23:25.182-03:00 DEBUG 14184 --- [HackatonWaki] [           main] com.zaxxer.hikari.HikariConfig           : readOnly........................false
2024-10-06T05:23:25.182-03:00 DEBUG 14184 --- [HackatonWaki] [           main] com.zaxxer.hikari.HikariConfig           : registerMbeans..................false
2024-10-06T05:23:25.182-03:00 DEBUG 14184 --- [HackatonWaki] [           main] com.zaxxer.hikari.HikariConfig           : scheduledExecutor...............none
2024-10-06T05:23:25.182-03:00 DEBUG 14184 --- [HackatonWaki] [           main] com.zaxxer.hikari.HikariConfig           : schema..........................none
2024-10-06T05:23:25.182-03:00 DEBUG 14184 --- [HackatonWaki] [           main] com.zaxxer.hikari.HikariConfig           : threadFactory...................internal
2024-10-06T05:23:25.183-03:00 DEBUG 14184 --- [HackatonWaki] [           main] com.zaxxer.hikari.HikariConfig           : transactionIsolation............default
2024-10-06T05:23:25.183-03:00 DEBUG 14184 --- [HackatonWaki] [           main] com.zaxxer.hikari.HikariConfig           : username........................"avnadmin"
2024-10-06T05:23:25.183-03:00 DEBUG 14184 --- [HackatonWaki] [           main] com.zaxxer.hikari.HikariConfig           : validationTimeout...............5000
2024-10-06T05:23:25.183-03:00  INFO 14184 --- [HackatonWaki] [           main] com.zaxxer.hikari.HikariDataSource       : HikariPool-1 - Starting...
2024-10-06T05:23:28.172-03:00  INFO 14184 --- [HackatonWaki] [           main] com.zaxxer.hikari.pool.HikariPool        : HikariPool-1 - Added connection com.mysql.cj.jdbc.ConnectionImpl@18463720
2024-10-06T05:23:28.174-03:00  INFO 14184 --- [HackatonWaki] [           main] com.zaxxer.hikari.HikariDataSource       : HikariPool-1 - Start completed.
2024-10-06T05:23:28.283-03:00 DEBUG 14184 --- [HackatonWaki] [l-1 housekeeper] com.zaxxer.hikari.pool.HikariPool        : HikariPool-1 - Pool stats (total=1, active=1, idle=0, waiting=0)
2024-10-06T05:23:28.583-03:00  WARN 14184 --- [HackatonWaki] [           main] org.hibernate.orm.deprecation            : HHH90000025: MySQLDialect does not need to be specified explicitly using 'hibernate.dialect' (remove the property setting and it will be selected by default)
2024-10-06T05:23:29.487-03:00  INFO 14184 --- [HackatonWaki] [           main] o.h.e.t.j.p.i.JtaPlatformInitiator       : HHH000489: No JTA platform available (set 'hibernate.transaction.jta.platform' to enable JTA platform integration)
2024-10-06T05:23:30.416-03:00 DEBUG 14184 --- [HackatonWaki] [onnection adder] com.zaxxer.hikari.pool.HikariPool        : HikariPool-1 - Added connection com.mysql.cj.jdbc.ConnectionImpl@72dca537
2024-10-06T05:23:30.455-03:00 DEBUG 14184 --- [HackatonWaki] [onnection adder] com.zaxxer.hikari.pool.HikariPool        : HikariPool-1 - After adding stats (total=2, active=1, idle=1, waiting=0)
2024-10-06T05:23:32.377-03:00  INFO 14184 --- [HackatonWaki] [           main] j.LocalContainerEntityManagerFactoryBean : Initialized JPA EntityManagerFactory for persistence unit 'default'
2024-10-06T05:23:32.381-03:00 DEBUG 14184 --- [HackatonWaki] [           main] o.s.b.f.s.DefaultListableBeanFactory     : Creating shared instance of singleton bean 'hackatonWakiApplication'
2024-10-06T05:23:32.383-03:00 DEBUG 14184 --- [HackatonWaki] [           main] o.s.b.f.s.DefaultListableBeanFactory     : Creating shared instance of singleton bean 'mvCConfig'
2024-10-06T05:23:32.384-03:00 DEBUG 14184 --- [HackatonWaki] [           main] o.s.b.f.s.DefaultListableBeanFactory     : Creating shared instance of singleton bean 'openAPI3Configuration'
2024-10-06T05:23:32.385-03:00 DEBUG 14184 --- [HackatonWaki] [           main] o.s.b.f.s.DefaultListableBeanFactory     : Creating shared instance of singleton bean 'adminController'
2024-10-06T05:23:32.392-03:00 DEBUG 14184 --- [HackatonWaki] [           main] o.s.b.f.s.DefaultListableBeanFactory     : Creating shared instance of singleton bean 'adminServiceImpl'
2024-10-06T05:23:32.394-03:00 DEBUG 14184 --- [HackatonWaki] [           main] o.s.b.f.s.DefaultListableBeanFactory     : Creating shared instance of singleton bean 'IUserRepository'
2024-10-06T05:23:32.400-03:00 DEBUG 14184 --- [HackatonWaki] [           main] o.s.b.f.s.DefaultListableBeanFactory     : Creating shared instance of singleton bean 'jpa.named-queries#0'
2024-10-06T05:23:32.402-03:00 DEBUG 14184 --- [HackatonWaki] [           main] o.s.b.f.s.DefaultListableBeanFactory     : Creating shared instance of singleton bean 'jpa.IUserRepository.fragments#0'
2024-10-06T05:23:32.407-03:00 DEBUG 14184 --- [HackatonWaki] [           main] o.s.b.f.s.DefaultListableBeanFactory     : Creating shared instance of singleton bean 'jpaSharedEM_entityManagerFactory'
2024-10-06T05:23:32.437-03:00 DEBUG 14184 --- [HackatonWaki] [           main] o.s.b.f.s.DefaultListableBeanFactory     : Creating shared instance of singleton bean 'jpaMappingContext'
2024-10-06T05:23:32.438-03:00 DEBUG 14184 --- [HackatonWaki] [           main] .c.JpaMetamodelMappingContextFactoryBean : Initializing JpaMetamodelMappingContext…
2024-10-06T05:23:32.452-03:00 DEBUG 14184 --- [HackatonWaki] [           main] .c.JpaMetamodelMappingContextFactoryBean : Finished initializing JpaMetamodelMappingContext
2024-10-06T05:23:32.471-03:00 DEBUG 14184 --- [HackatonWaki] [onnection adder] com.zaxxer.hikari.pool.HikariPool        : HikariPool-1 - Added connection com.mysql.cj.jdbc.ConnectionImpl@15fa70c0
2024-10-06T05:23:32.476-03:00 DEBUG 14184 --- [HackatonWaki] [           main] tor$SharedEntityManagerInvocationHandler : Creating new EntityManager for shared EntityManager invocation
2024-10-06T05:23:32.503-03:00 DEBUG 14184 --- [HackatonWaki] [onnection adder] com.zaxxer.hikari.pool.HikariPool        : HikariPool-1 - After adding stats (total=3, active=0, idle=3, waiting=0)
2024-10-06T05:23:32.512-03:00 DEBUG 14184 --- [HackatonWaki] [           main] tor$SharedEntityManagerInvocationHandler : Creating new EntityManager for shared EntityManager invocation
2024-10-06T05:23:32.560-03:00 DEBUG 14184 --- [HackatonWaki] [           main] o.s.d.r.c.s.RepositoryFactorySupport     : Initializing repository instance for HackatonWaki.repositorys.IUserRepository…
2024-10-06T05:23:32.574-03:00 DEBUG 14184 --- [HackatonWaki] [           main] tor$SharedEntityManagerInvocationHandler : Creating new EntityManager for shared EntityManager invocation
2024-10-06T05:23:32.613-03:00 DEBUG 14184 --- [HackatonWaki] [           main] o.s.d.jpa.repository.query.NamedQuery    : Looking up named query User.findByEmail
2024-10-06T05:23:32.616-03:00 DEBUG 14184 --- [HackatonWaki] [           main] o.s.d.jpa.repository.query.NamedQuery    : Did not find named query User.findByEmail
2024-10-06T05:23:32.618-03:00 DEBUG 14184 --- [HackatonWaki] [           main] tor$SharedEntityManagerInvocationHandler : Creating new EntityManager for shared EntityManager invocation
2024-10-06T05:23:32.664-03:00 DEBUG 14184 --- [HackatonWaki] [           main] o.s.d.jpa.repository.query.NamedQuery    : Looking up named query User.existsByEmail
2024-10-06T05:23:32.664-03:00 DEBUG 14184 --- [HackatonWaki] [           main] o.s.d.jpa.repository.query.NamedQuery    : Did not find named query User.existsByEmail
2024-10-06T05:23:32.664-03:00 DEBUG 14184 --- [HackatonWaki] [           main] tor$SharedEntityManagerInvocationHandler : Creating new EntityManager for shared EntityManager invocation
2024-10-06T05:23:32.670-03:00 DEBUG 14184 --- [HackatonWaki] [           main] o.s.d.r.c.s.RepositoryFactorySupport     : Finished creation of repository instance for HackatonWaki.repositorys.IUserRepository.
2024-10-06T05:23:32.675-03:00 DEBUG 14184 --- [HackatonWaki] [           main] o.s.b.f.s.DefaultListableBeanFactory     : Creating shared instance of singleton bean 'IAdminRepository'
2024-10-06T05:23:32.677-03:00 DEBUG 14184 --- [HackatonWaki] [           main] o.s.b.f.s.DefaultListableBeanFactory     : Creating shared instance of singleton bean 'jpa.named-queries#2'
2024-10-06T05:23:32.678-03:00 DEBUG 14184 --- [HackatonWaki] [           main] o.s.b.f.s.DefaultListableBeanFactory     : Creating shared instance of singleton bean 'jpa.IAdminRepository.fragments#0'
2024-10-06T05:23:32.678-03:00 DEBUG 14184 --- [HackatonWaki] [           main] tor$SharedEntityManagerInvocationHandler : Creating new EntityManager for shared EntityManager invocation
2024-10-06T05:23:32.683-03:00 DEBUG 14184 --- [HackatonWaki] [           main] o.s.d.r.c.s.RepositoryFactorySupport     : Initializing repository instance for HackatonWaki.repositorys.IAdminRepository…
2024-10-06T05:23:32.684-03:00 DEBUG 14184 --- [HackatonWaki] [           main] tor$SharedEntityManagerInvocationHandler : Creating new EntityManager for shared EntityManager invocation
2024-10-06T05:23:32.689-03:00 DEBUG 14184 --- [HackatonWaki] [           main] o.s.d.r.c.s.RepositoryFactorySupport     : Finished creation of repository instance for HackatonWaki.repositorys.IAdminRepository.
2024-10-06T05:23:32.690-03:00 DEBUG 14184 --- [HackatonWaki] [           main] o.s.b.f.s.DefaultListableBeanFactory     : Creating shared instance of singleton bean 'passwordEncoder'
2024-10-06T05:23:32.690-03:00 DEBUG 14184 --- [HackatonWaki] [           main] o.s.b.f.s.DefaultListableBeanFactory     : Creating shared instance of singleton bean 'securityConfiguration'
2024-10-06T05:23:32.690-03:00 DEBUG 14184 --- [HackatonWaki] [           main] o.s.b.f.s.DefaultListableBeanFactory     : Creating shared instance of singleton bean 'securityFilter'
2024-10-06T05:23:32.692-03:00 DEBUG 14184 --- [HackatonWaki] [           main] o.s.b.f.s.DefaultListableBeanFactory     : Creating shared instance of singleton bean 'tokenServiceImpl'
2024-10-06T05:23:32.693-03:00 DEBUG 14184 --- [HackatonWaki] [           main] o.s.c.e.PropertySourcesPropertyResolver  : Found key 'api.security.secret' in PropertySource 'environmentProperties' with value of type String
2024-10-06T05:23:32.695-03:00 DEBUG 14184 --- [HackatonWaki] [           main] o.s.b.f.s.DefaultListableBeanFactory     : Creating shared instance of singleton bean 'userDetailsServiceImpl'
2024-10-06T05:23:32.696-03:00 DEBUG 14184 --- [HackatonWaki] [           main] o.s.b.f.s.DefaultListableBeanFactory     : Autowiring by type from bean name 'userDetailsServiceImpl' via constructor to bean named 'IUserRepository'
2024-10-06T05:23:32.696-03:00 DEBUG 14184 --- [HackatonWaki] [           main] o.s.b.f.s.DefaultListableBeanFactory     : Autowiring by type from bean name 'securityFilter' via constructor to bean named 'tokenServiceImpl'
2024-10-06T05:23:32.697-03:00 DEBUG 14184 --- [HackatonWaki] [           main] o.s.b.f.s.DefaultListableBeanFactory     : Autowiring by type from bean name 'securityFilter' via constructor to bean named 'userDetailsServiceImpl'
2024-10-06T05:23:32.698-03:00 DEBUG 14184 --- [HackatonWaki] [           main] o.s.b.f.s.DefaultListableBeanFactory     : Autowiring by type from bean name 'securityConfiguration' via constructor to bean named 'securityFilter'
2024-10-06T05:23:32.698-03:00 DEBUG 14184 --- [HackatonWaki] [           main] o.s.b.f.s.DefaultListableBeanFactory     : Autowiring by type from bean name 'securityConfiguration' via constructor to bean named 'userDetailsServiceImpl'
2024-10-06T05:23:32.700-03:00 DEBUG 14184 --- [HackatonWaki] [           main] o.s.b.f.s.DefaultListableBeanFactory     : Autowiring by type from bean name 'adminServiceImpl' via constructor to bean named 'IUserRepository'
2024-10-06T05:23:32.700-03:00 DEBUG 14184 --- [HackatonWaki] [           main] o.s.b.f.s.DefaultListableBeanFactory     : Autowiring by type from bean name 'adminServiceImpl' via constructor to bean named 'IAdminRepository'
2024-10-06T05:23:32.700-03:00 DEBUG 14184 --- [HackatonWaki] [           main] o.s.b.f.s.DefaultListableBeanFactory     : Autowiring by type from bean name 'adminServiceImpl' via constructor to bean named 'passwordEncoder'
2024-10-06T05:23:32.723-03:00 DEBUG 14184 --- [HackatonWaki] [           main] o.s.b.f.s.DefaultListableBeanFactory     : Creating shared instance of singleton bean 'adminMapperImpl'
2024-10-06T05:23:32.724-03:00 DEBUG 14184 --- [HackatonWaki] [           main] o.s.b.f.s.DefaultListableBeanFactory     : Creating shared instance of singleton bean 'userMapperImpl'
2024-10-06T05:23:32.726-03:00 DEBUG 14184 --- [HackatonWaki] [           main] o.s.b.f.s.DefaultListableBeanFactory     : Autowiring by type from bean name 'adminController' via constructor to bean named 'adminServiceImpl'
2024-10-06T05:23:32.726-03:00 DEBUG 14184 --- [HackatonWaki] [           main] o.s.b.f.s.DefaultListableBeanFactory     : Autowiring by type from bean name 'adminController' via constructor to bean named 'adminMapperImpl'
2024-10-06T05:23:32.728-03:00 DEBUG 14184 --- [HackatonWaki] [           main] o.s.b.f.s.DefaultListableBeanFactory     : Creating shared instance of singleton bean 'autenticacionController'
2024-10-06T05:23:32.729-03:00 DEBUG 14184 --- [HackatonWaki] [           main] o.s.b.f.s.DefaultListableBeanFactory     : Creating shared instance of singleton bean 'autenticacionServiceImpl'
2024-10-06T05:23:32.730-03:00 DEBUG 14184 --- [HackatonWaki] [           main] o.s.b.f.s.DefaultListableBeanFactory     : Creating shared instance of singleton bean 'authenticationManager'
2024-10-06T05:23:32.731-03:00 DEBUG 14184 --- [HackatonWaki] [           main] o.s.b.f.s.DefaultListableBeanFactory     : Creating shared instance of singleton bean 'org.springframework.security.config.annotation.authentication.configuration.AuthenticationConfiguration'
2024-10-06T05:23:32.733-03:00 DEBUG 14184 --- [HackatonWaki] [           main] o.s.b.f.s.DefaultListableBeanFactory     : Creating shared instance of singleton bean 'enableGlobalAuthenticationAutowiredConfigurer'
2024-10-06T05:23:32.734-03:00 DEBUG 14184 --- [HackatonWaki] [           main] o.s.b.f.s.DefaultListableBeanFactory     : Autowiring by type from bean name 'enableGlobalAuthenticationAutowiredConfigurer' via factory method to bean named 'org.springframework.web.context.support.GenericWebApplicationContext@492fc69e'
2024-10-06T05:23:32.735-03:00 DEBUG 14184 --- [HackatonWaki] [           main] o.s.b.f.s.DefaultListableBeanFactory     : Creating shared instance of singleton bean 'initializeUserDetailsBeanManagerConfigurer'
2024-10-06T05:23:32.735-03:00 DEBUG 14184 --- [HackatonWaki] [           main] o.s.b.f.s.DefaultListableBeanFactory     : Autowiring by type from bean name 'initializeUserDetailsBeanManagerConfigurer' via factory method to bean named 'org.springframework.web.context.support.GenericWebApplicationContext@492fc69e'
2024-10-06T05:23:32.736-03:00 DEBUG 14184 --- [HackatonWaki] [           main] o.s.b.f.s.DefaultListableBeanFactory     : Creating shared instance of singleton bean 'initializeAuthenticationProviderBeanManagerConfigurer'
2024-10-06T05:23:32.736-03:00 DEBUG 14184 --- [HackatonWaki] [           main] o.s.b.f.s.DefaultListableBeanFactory     : Autowiring by type from bean name 'initializeAuthenticationProviderBeanManagerConfigurer' via factory method to bean named 'org.springframework.web.context.support.GenericWebApplicationContext@492fc69e'
2024-10-06T05:23:32.738-03:00 DEBUG 14184 --- [HackatonWaki] [           main] o.s.b.f.s.DefaultListableBeanFactory     : Creating shared instance of singleton bean 'objectPostProcessor'
2024-10-06T05:23:32.738-03:00 DEBUG 14184 --- [HackatonWaki] [           main] o.s.b.f.s.DefaultListableBeanFactory     : Creating shared instance of singleton bean 'org.springframework.security.config.annotation.configuration.ObjectPostProcessorConfiguration'
2024-10-06T05:23:32.739-03:00 DEBUG 14184 --- [HackatonWaki] [           main] o.s.b.f.s.DefaultListableBeanFactory     : Autowiring by type from bean name 'objectPostProcessor' via factory method to bean named 'org.springframework.beans.factory.support.DefaultListableBeanFactory@49096b06'
2024-10-06T05:23:32.741-03:00 DEBUG 14184 --- [HackatonWaki] [           main] o.s.b.f.s.DefaultListableBeanFactory     : Autowiring by type from bean name 'authenticationManager' via factory method to bean named 'org.springframework.security.config.annotation.authentication.configuration.AuthenticationConfiguration'
2024-10-06T05:23:32.742-03:00 DEBUG 14184 --- [HackatonWaki] [           main] o.s.b.f.s.DefaultListableBeanFactory     : Creating shared instance of singleton bean 'authenticationManagerBuilder'
2024-10-06T05:23:32.742-03:00 DEBUG 14184 --- [HackatonWaki] [           main] o.s.b.f.s.DefaultListableBeanFactory     : Autowiring by type from bean name 'authenticationManagerBuilder' via factory method to bean named 'objectPostProcessor'
2024-10-06T05:23:32.742-03:00 DEBUG 14184 --- [HackatonWaki] [           main] o.s.b.f.s.DefaultListableBeanFactory     : Autowiring by type from bean name 'authenticationManagerBuilder' via factory method to bean named 'org.springframework.web.context.support.GenericWebApplicationContext@492fc69e'
2024-10-06T05:23:32.743-03:00 DEBUG 14184 --- [HackatonWaki] [           main] o.s.b.f.s.DefaultListableBeanFactory     : Creating shared instance of singleton bean 'authenticationEventPublisher'
2024-10-06T05:23:32.743-03:00 DEBUG 14184 --- [HackatonWaki] [           main] o.s.b.f.s.DefaultListableBeanFactory     : Creating shared instance of singleton bean 'org.springframework.boot.autoconfigure.security.servlet.SecurityAutoConfiguration'
2024-10-06T05:23:32.744-03:00 DEBUG 14184 --- [HackatonWaki] [           main] o.s.b.f.s.DefaultListableBeanFactory     : Autowiring by type from bean name 'authenticationEventPublisher' via factory method to bean named 'org.springframework.web.context.support.GenericWebApplicationContext@492fc69e'
2024-10-06T05:23:32.764-03:00  INFO 14184 --- [HackatonWaki] [           main] r$InitializeUserDetailsManagerConfigurer : Global AuthenticationManager configured with UserDetailsService bean with name userDetailsServiceImpl
2024-10-06T05:23:32.765-03:00 DEBUG 14184 --- [HackatonWaki] [           main] o.s.b.f.s.DefaultListableBeanFactory     : Autowiring by type from bean name 'autenticacionServiceImpl' via constructor to bean named 'authenticationManager'
2024-10-06T05:23:32.766-03:00 DEBUG 14184 --- [HackatonWaki] [           main] o.s.b.f.s.DefaultListableBeanFactory     : Autowiring by type from bean name 'autenticacionServiceImpl' via constructor to bean named 'tokenServiceImpl'
2024-10-06T05:23:32.766-03:00 DEBUG 14184 --- [HackatonWaki] [           main] o.s.b.f.s.DefaultListableBeanFactory     : Autowiring by type from bean name 'autenticacionController' via constructor to bean named 'autenticacionServiceImpl'
2024-10-06T05:23:32.766-03:00 DEBUG 14184 --- [HackatonWaki] [           main] o.s.b.f.s.DefaultListableBeanFactory     : Creating shared instance of singleton bean 'clienteController'
2024-10-06T05:23:32.768-03:00 DEBUG 14184 --- [HackatonWaki] [           main] o.s.b.f.s.DefaultListableBeanFactory     : Creating shared instance of singleton bean 'clienteServiceImpl'
2024-10-06T05:23:32.769-03:00 DEBUG 14184 --- [HackatonWaki] [           main] o.s.b.f.s.DefaultListableBeanFactory     : Creating shared instance of singleton bean 'IClienteRepository'
2024-10-06T05:23:32.771-03:00 DEBUG 14184 --- [HackatonWaki] [           main] o.s.b.f.s.DefaultListableBeanFactory     : Creating shared instance of singleton bean 'jpa.named-queries#1'
2024-10-06T05:23:32.772-03:00 DEBUG 14184 --- [HackatonWaki] [           main] o.s.b.f.s.DefaultListableBeanFactory     : Creating shared instance of singleton bean 'jpa.IClienteRepository.fragments#0'
2024-10-06T05:23:32.772-03:00 DEBUG 14184 --- [HackatonWaki] [           main] tor$SharedEntityManagerInvocationHandler : Creating new EntityManager for shared EntityManager invocation
2024-10-06T05:23:32.777-03:00 DEBUG 14184 --- [HackatonWaki] [           main] o.s.d.r.c.s.RepositoryFactorySupport     : Initializing repository instance for HackatonWaki.repositorys.IClienteRepository…
2024-10-06T05:23:32.777-03:00 DEBUG 14184 --- [HackatonWaki] [           main] tor$SharedEntityManagerInvocationHandler : Creating new EntityManager for shared EntityManager invocation
2024-10-06T05:23:32.781-03:00 DEBUG 14184 --- [HackatonWaki] [           main] o.s.d.jpa.repository.query.NamedQuery    : Looking up named query Cliente.findByNombre
2024-10-06T05:23:32.781-03:00 DEBUG 14184 --- [HackatonWaki] [           main] o.s.d.jpa.repository.query.NamedQuery    : Did not find named query Cliente.findByNombre
2024-10-06T05:23:32.782-03:00 DEBUG 14184 --- [HackatonWaki] [           main] tor$SharedEntityManagerInvocationHandler : Creating new EntityManager for shared EntityManager invocation
2024-10-06T05:23:32.783-03:00 DEBUG 14184 --- [HackatonWaki] [           main] o.s.d.jpa.repository.query.NamedQuery    : Looking up named query Cliente.findByApellido
2024-10-06T05:23:32.783-03:00 DEBUG 14184 --- [HackatonWaki] [           main] o.s.d.jpa.repository.query.NamedQuery    : Did not find named query Cliente.findByApellido
2024-10-06T05:23:32.783-03:00 DEBUG 14184 --- [HackatonWaki] [           main] tor$SharedEntityManagerInvocationHandler : Creating new EntityManager for shared EntityManager invocation
2024-10-06T05:23:32.784-03:00 DEBUG 14184 --- [HackatonWaki] [           main] o.s.d.jpa.repository.query.NamedQuery    : Looking up named query Cliente.findByNombreAndApellido
2024-10-06T05:23:32.785-03:00 DEBUG 14184 --- [HackatonWaki] [           main] o.s.d.jpa.repository.query.NamedQuery    : Did not find named query Cliente.findByNombreAndApellido
2024-10-06T05:23:32.785-03:00 DEBUG 14184 --- [HackatonWaki] [           main] tor$SharedEntityManagerInvocationHandler : Creating new EntityManager for shared EntityManager invocation
2024-10-06T05:23:32.788-03:00 DEBUG 14184 --- [HackatonWaki] [           main] o.s.d.r.c.s.RepositoryFactorySupport     : Finished creation of repository instance for HackatonWaki.repositorys.IClienteRepository.
2024-10-06T05:23:32.789-03:00 DEBUG 14184 --- [HackatonWaki] [           main] o.s.b.f.s.DefaultListableBeanFactory     : Autowiring by type from bean name 'clienteServiceImpl' via constructor to bean named 'IUserRepository'
2024-10-06T05:23:32.789-03:00 DEBUG 14184 --- [HackatonWaki] [           main] o.s.b.f.s.DefaultListableBeanFactory     : Autowiring by type from bean name 'clienteServiceImpl' via constructor to bean named 'IClienteRepository'
2024-10-06T05:23:32.789-03:00 DEBUG 14184 --- [HackatonWaki] [           main] o.s.b.f.s.DefaultListableBeanFactory     : Autowiring by type from bean name 'clienteServiceImpl' via constructor to bean named 'passwordEncoder'
2024-10-06T05:23:32.798-03:00 DEBUG 14184 --- [HackatonWaki] [           main] o.s.b.f.s.DefaultListableBeanFactory     : Creating shared instance of singleton bean 'clienteMapperImpl'
2024-10-06T05:23:32.799-03:00 DEBUG 14184 --- [HackatonWaki] [           main] o.s.b.f.s.DefaultListableBeanFactory     : Autowiring by type from bean name 'clienteController' via constructor to bean named 'clienteServiceImpl'
2024-10-06T05:23:32.799-03:00 DEBUG 14184 --- [HackatonWaki] [           main] o.s.b.f.s.DefaultListableBeanFactory     : Autowiring by type from bean name 'clienteController' via constructor to bean named 'clienteMapperImpl'
2024-10-06T05:23:32.800-03:00 DEBUG 14184 --- [HackatonWaki] [           main] o.s.b.f.s.DefaultListableBeanFactory     : Creating shared instance of singleton bean 'corsConfig'
2024-10-06T05:23:32.800-03:00 DEBUG 14184 --- [HackatonWaki] [           main] o.s.b.f.s.DefaultListableBeanFactory     : Creating shared instance of singleton bean 'globalExceptionsHandler'
2024-10-06T05:23:32.804-03:00 DEBUG 14184 --- [HackatonWaki] [           main] o.s.b.f.s.DefaultListableBeanFactory     : Creating shared instance of singleton bean 'userServiceImpl'
2024-10-06T05:23:32.804-03:00 DEBUG 14184 --- [HackatonWaki] [           main] o.s.b.f.s.DefaultListableBeanFactory     : Autowiring by type from bean name 'userServiceImpl' via constructor to bean named 'IUserRepository'
2024-10-06T05:23:32.811-03:00 DEBUG 14184 --- [HackatonWaki] [           main] o.s.b.f.s.DefaultListableBeanFactory     : Creating shared instance of singleton bean 'customizeOpenAPI'
2024-10-06T05:23:32.817-03:00 DEBUG 14184 --- [HackatonWaki] [           main] o.s.b.f.s.DefaultListableBeanFactory     : Creating shared instance of singleton bean 'corsConfigurationSource'
Se habilita configuracion de CORS org.springframework.web.cors.UrlBasedCorsConfigurationSource@659565ed
2024-10-06T05:23:32.828-03:00 DEBUG 14184 --- [HackatonWaki] [           main] o.s.b.f.s.DefaultListableBeanFactory     : Creating shared instance of singleton bean 'org.springframework.security.config.annotation.web.configuration.WebSecurityConfiguration'
2024-10-06T05:23:32.830-03:00 DEBUG 14184 --- [HackatonWaki] [           main] o.s.b.f.s.DefaultListableBeanFactory     : Creating shared instance of singleton bean 'org.springframework.security.config.annotation.web.configuration.HttpSecurityConfiguration'
2024-10-06T05:23:32.834-03:00 DEBUG 14184 --- [HackatonWaki] [           main] o.s.b.f.s.DefaultListableBeanFactory     : Creating shared instance of singleton bean 'mvcContentNegotiationManager'
2024-10-06T05:23:32.834-03:00 DEBUG 14184 --- [HackatonWaki] [           main] o.s.b.f.s.DefaultListableBeanFactory     : Creating shared instance of singleton bean 'org.springframework.boot.autoconfigure.web.servlet.WebMvcAutoConfiguration$EnableWebMvcConfiguration'
2024-10-06T05:23:32.835-03:00 DEBUG 14184 --- [HackatonWaki] [           main] o.s.b.f.s.DefaultListableBeanFactory     : Creating shared instance of singleton bean 'spring.mvc-org.springframework.boot.autoconfigure.web.servlet.WebMvcProperties'
2024-10-06T05:23:32.841-03:00 DEBUG 14184 --- [HackatonWaki] [           main] o.s.b.f.s.DefaultListableBeanFactory     : Creating shared instance of singleton bean 'spring.web-org.springframework.boot.autoconfigure.web.WebProperties'
2024-10-06T05:23:32.845-03:00 DEBUG 14184 --- [HackatonWaki] [           main] o.s.b.f.s.DefaultListableBeanFactory     : Autowiring by type from bean name 'org.springframework.boot.autoconfigure.web.servlet.WebMvcAutoConfiguration$EnableWebMvcConfiguration' via constructor to bean named 'spring.mvc-org.springframework.boot.autoconfigure.web.servlet.WebMvcProperties'
2024-10-06T05:23:32.845-03:00 DEBUG 14184 --- [HackatonWaki] [           main] o.s.b.f.s.DefaultListableBeanFactory     : Autowiring by type from bean name 'org.springframework.boot.autoconfigure.web.servlet.WebMvcAutoConfiguration$EnableWebMvcConfiguration' via constructor to bean named 'spring.web-org.springframework.boot.autoconfigure.web.WebProperties'
2024-10-06T05:23:32.845-03:00 DEBUG 14184 --- [HackatonWaki] [           main] o.s.b.f.s.DefaultListableBeanFactory     : Autowiring by type from bean name 'org.springframework.boot.autoconfigure.web.servlet.WebMvcAutoConfiguration$EnableWebMvcConfiguration' via constructor to bean named 'org.springframework.beans.factory.support.DefaultListableBeanFactory@49096b06'
2024-10-06T05:23:32.850-03:00 DEBUG 14184 --- [HackatonWaki] [           main] o.s.b.f.s.DefaultListableBeanFactory     : Creating shared instance of singleton bean 'org.springframework.security.config.annotation.web.configuration.WebMvcSecurityConfiguration'
2024-10-06T05:23:32.860-03:00 DEBUG 14184 --- [HackatonWaki] [           main] o.s.b.f.s.DefaultListableBeanFactory     : Creating shared instance of singleton bean 'org.springframework.boot.autoconfigure.web.servlet.WebMvcAutoConfiguration$WebMvcAutoConfigurationAdapter'
2024-10-06T05:23:32.861-03:00 DEBUG 14184 --- [HackatonWaki] [           main] o.s.b.f.s.DefaultListableBeanFactory     : Autowiring by type from bean name 'org.springframework.boot.autoconfigure.web.servlet.WebMvcAutoConfiguration$WebMvcAutoConfigurationAdapter' via constructor to bean named 'spring.web-org.springframework.boot.autoconfigure.web.WebProperties'
2024-10-06T05:23:32.861-03:00 DEBUG 14184 --- [HackatonWaki] [           main] o.s.b.f.s.DefaultListableBeanFactory     : Autowiring by type from bean name 'org.springframework.boot.autoconfigure.web.servlet.WebMvcAutoConfiguration$WebMvcAutoConfigurationAdapter' via constructor to bean named 'spring.mvc-org.springframework.boot.autoconfigure.web.servlet.WebMvcProperties'
2024-10-06T05:23:32.861-03:00 DEBUG 14184 --- [HackatonWaki] [           main] o.s.b.f.s.DefaultListableBeanFactory     : Autowiring by type from bean name 'org.springframework.boot.autoconfigure.web.servlet.WebMvcAutoConfiguration$WebMvcAutoConfigurationAdapter' via constructor to bean named 'org.springframework.beans.factory.support.DefaultListableBeanFactory@49096b06'
2024-10-06T05:23:32.865-03:00 DEBUG 14184 --- [HackatonWaki] [           main] o.s.b.f.s.DefaultListableBeanFactory     : Creating shared instance of singleton bean 'swaggerWebMvcConfigurer'
2024-10-06T05:23:32.865-03:00 DEBUG 14184 --- [HackatonWaki] [           main] o.s.b.f.s.DefaultListableBeanFactory     : Creating shared instance of singleton bean 'org.springdoc.webmvc.ui.SwaggerConfig'
2024-10-06T05:23:32.868-03:00 DEBUG 14184 --- [HackatonWaki] [           main] o.s.b.f.s.DefaultListableBeanFactory     : Creating shared instance of singleton bean 'org.springdoc.core.properties.SwaggerUiConfigParameters'
2024-10-06T05:23:32.869-03:00 DEBUG 14184 --- [HackatonWaki] [           main] o.s.b.f.s.DefaultListableBeanFactory     : Creating shared instance of singleton bean 'org.springdoc.core.properties.SwaggerUiConfigProperties'
2024-10-06T05:23:32.883-03:00 DEBUG 14184 --- [HackatonWaki] [           main] o.s.b.f.s.DefaultListableBeanFactory     : Autowiring by type from bean name 'org.springdoc.core.properties.SwaggerUiConfigParameters' via constructor to bean named 'org.springdoc.core.properties.SwaggerUiConfigProperties'
2024-10-06T05:23:32.888-03:00 DEBUG 14184 --- [HackatonWaki] [           main] o.s.b.f.s.DefaultListableBeanFactory     : Creating shared instance of singleton bean 'indexPageTransformer'
2024-10-06T05:23:32.888-03:00 DEBUG 14184 --- [HackatonWaki] [           main] o.s.b.f.s.DefaultListableBeanFactory     : Creating shared instance of singleton bean 'org.springdoc.core.properties.SwaggerUiOAuthProperties'
2024-10-06T05:23:32.895-03:00 DEBUG 14184 --- [HackatonWaki] [           main] o.s.b.f.s.DefaultListableBeanFactory     : Creating shared instance of singleton bean 'swaggerWelcome'
2024-10-06T05:23:32.895-03:00 DEBUG 14184 --- [HackatonWaki] [           main] o.s.b.f.s.DefaultListableBeanFactory     : Creating shared instance of singleton bean 'org.springdoc.core.properties.SpringDocConfigProperties'
2024-10-06T05:23:32.912-03:00 DEBUG 14184 --- [HackatonWaki] [           main] o.s.b.f.s.DefaultListableBeanFactory     : Creating shared instance of singleton bean 'springWebProvider'
2024-10-06T05:23:32.913-03:00 DEBUG 14184 --- [HackatonWaki] [           main] o.s.b.f.s.DefaultListableBeanFactory     : Creating shared instance of singleton bean 'org.springdoc.webmvc.core.configuration.SpringDocWebMvcConfiguration'
2024-10-06T05:23:32.920-03:00 DEBUG 14184 --- [HackatonWaki] [           main] o.s.b.f.s.DefaultListableBeanFactory     : Autowiring by type from bean name 'swaggerWelcome' via factory method to bean named 'org.springdoc.core.properties.SwaggerUiConfigProperties'
2024-10-06T05:23:32.920-03:00 DEBUG 14184 --- [HackatonWaki] [           main] o.s.b.f.s.DefaultListableBeanFactory     : Autowiring by type from bean name 'swaggerWelcome' via factory method to bean named 'org.springdoc.core.properties.SpringDocConfigProperties'
2024-10-06T05:23:32.920-03:00 DEBUG 14184 --- [HackatonWaki] [           main] o.s.b.f.s.DefaultListableBeanFactory     : Autowiring by type from bean name 'swaggerWelcome' via factory method to bean named 'org.springdoc.core.properties.SwaggerUiConfigParameters'
2024-10-06T05:23:32.920-03:00 DEBUG 14184 --- [HackatonWaki] [           main] o.s.b.f.s.DefaultListableBeanFactory     : Autowiring by type from bean name 'swaggerWelcome' via factory method to bean named 'springWebProvider'
2024-10-06T05:23:32.926-03:00 DEBUG 14184 --- [HackatonWaki] [           main] o.s.b.f.s.DefaultListableBeanFactory     : Creating shared instance of singleton bean 'springdocObjectMapperProvider'
2024-10-06T05:23:32.927-03:00 DEBUG 14184 --- [HackatonWaki] [           main] o.s.b.f.s.DefaultListableBeanFactory     : Creating shared instance of singleton bean 'org.springdoc.core.configuration.SpringDocConfiguration'
2024-10-06T05:23:32.932-03:00 DEBUG 14184 --- [HackatonWaki] [           main] o.s.b.f.s.DefaultListableBeanFactory     : Autowiring by type from bean name 'springdocObjectMapperProvider' via factory method to bean named 'org.springdoc.core.properties.SpringDocConfigProperties'
2024-10-06T05:23:32.959-03:00 DEBUG 14184 --- [HackatonWaki] [           main] o.s.b.f.s.DefaultListableBeanFactory     : Autowiring by type from bean name 'indexPageTransformer' via factory method to bean named 'org.springdoc.core.properties.SwaggerUiConfigProperties'
2024-10-06T05:23:32.959-03:00 DEBUG 14184 --- [HackatonWaki] [           main] o.s.b.f.s.DefaultListableBeanFactory     : Autowiring by type from bean name 'indexPageTransformer' via factory method to bean named 'org.springdoc.core.properties.SwaggerUiOAuthProperties'
2024-10-06T05:23:32.959-03:00 DEBUG 14184 --- [HackatonWaki] [           main] o.s.b.f.s.DefaultListableBeanFactory     : Autowiring by type from bean name 'indexPageTransformer' via factory method to bean named 'org.springdoc.core.properties.SwaggerUiConfigParameters'
2024-10-06T05:23:32.959-03:00 DEBUG 14184 --- [HackatonWaki] [           main] o.s.b.f.s.DefaultListableBeanFactory     : Autowiring by type from bean name 'indexPageTransformer' via factory method to bean named 'swaggerWelcome'
2024-10-06T05:23:32.959-03:00 DEBUG 14184 --- [HackatonWaki] [           main] o.s.b.f.s.DefaultListableBeanFactory     : Autowiring by type from bean name 'indexPageTransformer' via factory method to bean named 'springdocObjectMapperProvider'
2024-10-06T05:23:32.966-03:00 DEBUG 14184 --- [HackatonWaki] [           main] o.s.b.f.s.DefaultListableBeanFactory     : Creating shared instance of singleton bean 'swaggerResourceResolver'
2024-10-06T05:23:32.966-03:00 DEBUG 14184 --- [HackatonWaki] [           main] o.s.b.f.s.DefaultListableBeanFactory     : Autowiring by type from bean name 'swaggerResourceResolver' via factory method to bean named 'org.springdoc.core.properties.SwaggerUiConfigProperties'
2024-10-06T05:23:32.967-03:00 DEBUG 14184 --- [HackatonWaki] [           main] o.s.b.f.s.DefaultListableBeanFactory     : Autowiring by type from bean name 'swaggerWebMvcConfigurer' via factory method to bean named 'org.springdoc.core.properties.SwaggerUiConfigParameters'
2024-10-06T05:23:32.967-03:00 DEBUG 14184 --- [HackatonWaki] [           main] o.s.b.f.s.DefaultListableBeanFactory     : Autowiring by type from bean name 'swaggerWebMvcConfigurer' via factory method to bean named 'indexPageTransformer'
2024-10-06T05:23:32.967-03:00 DEBUG 14184 --- [HackatonWaki] [           main] o.s.b.f.s.DefaultListableBeanFactory     : Autowiring by type from bean name 'swaggerWebMvcConfigurer' via factory method to bean named 'swaggerResourceResolver'
2024-10-06T05:23:32.970-03:00 DEBUG 14184 --- [HackatonWaki] [           main] o.s.b.f.s.DefaultListableBeanFactory     : Creating shared instance of singleton bean 'openEntityManagerInViewInterceptorConfigurer'
2024-10-06T05:23:32.970-03:00 DEBUG 14184 --- [HackatonWaki] [           main] o.s.b.f.s.DefaultListableBeanFactory     : Creating shared instance of singleton bean 'org.springframework.boot.autoconfigure.orm.jpa.JpaBaseConfiguration$JpaWebConfiguration'
2024-10-06T05:23:32.970-03:00 DEBUG 14184 --- [HackatonWaki] [           main] o.s.b.f.s.DefaultListableBeanFactory     : Autowiring by type from bean name 'org.springframework.boot.autoconfigure.orm.jpa.JpaBaseConfiguration$JpaWebConfiguration' via constructor to bean named 'spring.jpa-org.springframework.boot.autoconfigure.orm.jpa.JpaProperties'
2024-10-06T05:23:32.971-03:00 DEBUG 14184 --- [HackatonWaki] [           main] o.s.b.f.s.DefaultListableBeanFactory     : Creating shared instance of singleton bean 'openEntityManagerInViewInterceptor'
2024-10-06T05:23:32.972-03:00  WARN 14184 --- [HackatonWaki] [           main] JpaBaseConfiguration$JpaWebConfiguration : spring.jpa.open-in-view is enabled by default. Therefore, database queries may be performed during view rendering. Explicitly configure spring.jpa.open-in-view to disable this warning
2024-10-06T05:23:32.975-03:00 DEBUG 14184 --- [HackatonWaki] [           main] o.s.b.f.s.DefaultListableBeanFactory     : Autowiring by type from bean name 'openEntityManagerInViewInterceptorConfigurer' via factory method to bean named 'openEntityManagerInViewInterceptor'
2024-10-06T05:23:32.976-03:00 DEBUG 14184 --- [HackatonWaki] [           main] o.s.b.f.s.DefaultListableBeanFactory     : Creating shared instance of singleton bean 'org.springframework.data.web.config.SpringDataWebConfiguration'
2024-10-06T05:23:32.977-03:00 DEBUG 14184 --- [HackatonWaki] [           main] o.s.b.f.s.DefaultListableBeanFactory     : Autowiring by type from bean name 'org.springframework.data.web.config.SpringDataWebConfiguration' via constructor to bean named 'org.springframework.web.context.support.GenericWebApplicationContext@492fc69e'
2024-10-06T05:23:33.047-03:00 DEBUG 14184 --- [HackatonWaki] [           main] o.s.b.f.s.DefaultListableBeanFactory     : Creating shared instance of singleton bean 'mvcHandlerMappingIntrospectorRequestTransformer'
2024-10-06T05:23:33.048-03:00 DEBUG 14184 --- [HackatonWaki] [           main] o.s.b.f.s.DefaultListableBeanFactory     : Creating shared instance of singleton bean 'mvcHandlerMappingIntrospector'
2024-10-06T05:23:33.052-03:00 DEBUG 14184 --- [HackatonWaki] [           main] o.s.b.f.s.DefaultListableBeanFactory     : Creating shared instance of singleton bean 'welcomePageHandlerMapping'
2024-10-06T05:23:33.053-03:00 DEBUG 14184 --- [HackatonWaki] [           main] o.s.b.f.s.DefaultListableBeanFactory     : Creating shared instance of singleton bean 'mvcConversionService'
2024-10-06T05:23:33.064-03:00 DEBUG 14184 --- [HackatonWaki] [           main] o.s.b.f.s.DefaultListableBeanFactory     : Creating shared instance of singleton bean 'mvcResourceUrlProvider'
2024-10-06T05:23:33.065-03:00 DEBUG 14184 --- [HackatonWaki] [           main] o.s.b.f.s.DefaultListableBeanFactory     : Autowiring by type from bean name 'welcomePageHandlerMapping' via factory method to bean named 'org.springframework.web.context.support.GenericWebApplicationContext@492fc69e'
2024-10-06T05:23:33.065-03:00 DEBUG 14184 --- [HackatonWaki] [           main] o.s.b.f.s.DefaultListableBeanFactory     : Autowiring by type from bean name 'welcomePageHandlerMapping' via factory method to bean named 'mvcConversionService'
2024-10-06T05:23:33.065-03:00 DEBUG 14184 --- [HackatonWaki] [           main] o.s.b.f.s.DefaultListableBeanFactory     : Autowiring by type from bean name 'welcomePageHandlerMapping' via factory method to bean named 'mvcResourceUrlProvider'
2024-10-06T05:23:33.079-03:00 DEBUG 14184 --- [HackatonWaki] [           main] o.s.b.f.s.DefaultListableBeanFactory     : Creating shared instance of singleton bean 'welcomePageNotAcceptableHandlerMapping'
2024-10-06T05:23:33.079-03:00 DEBUG 14184 --- [HackatonWaki] [           main] o.s.b.f.s.DefaultListableBeanFactory     : Autowiring by type from bean name 'welcomePageNotAcceptableHandlerMapping' via factory method to bean named 'org.springframework.web.context.support.GenericWebApplicationContext@492fc69e'
2024-10-06T05:23:33.079-03:00 DEBUG 14184 --- [HackatonWaki] [           main] o.s.b.f.s.DefaultListableBeanFactory     : Autowiring by type from bean name 'welcomePageNotAcceptableHandlerMapping' via factory method to bean named 'mvcConversionService'
2024-10-06T05:23:33.079-03:00 DEBUG 14184 --- [HackatonWaki] [           main] o.s.b.f.s.DefaultListableBeanFactory     : Autowiring by type from bean name 'welcomePageNotAcceptableHandlerMapping' via factory method to bean named 'mvcResourceUrlProvider'
2024-10-06T05:23:33.083-03:00 DEBUG 14184 --- [HackatonWaki] [           main] o.s.b.f.s.DefaultListableBeanFactory     : Creating shared instance of singleton bean 'requestMappingHandlerMapping'
2024-10-06T05:23:33.084-03:00 DEBUG 14184 --- [HackatonWaki] [           main] o.s.b.f.s.DefaultListableBeanFactory     : Autowiring by type from bean name 'requestMappingHandlerMapping' via factory method to bean named 'mvcContentNegotiationManager'
2024-10-06T05:23:33.084-03:00 DEBUG 14184 --- [HackatonWaki] [           main] o.s.b.f.s.DefaultListableBeanFactory     : Autowiring by type from bean name 'requestMappingHandlerMapping' via factory method to bean named 'mvcConversionService'
2024-10-06T05:23:33.084-03:00 DEBUG 14184 --- [HackatonWaki] [           main] o.s.b.f.s.DefaultListableBeanFactory     : Autowiring by type from bean name 'requestMappingHandlerMapping' via factory method to bean named 'mvcResourceUrlProvider'
2024-10-06T05:23:33.148-03:00 DEBUG 14184 --- [HackatonWaki] [           main] s.w.s.m.m.a.RequestMappingHandlerMapping : 19 mappings in 'requestMappingHandlerMapping'
2024-10-06T05:23:33.152-03:00 DEBUG 14184 --- [HackatonWaki] [           main] o.s.b.f.s.DefaultListableBeanFactory     : Creating shared instance of singleton bean 'viewControllerHandlerMapping'
2024-10-06T05:23:33.153-03:00 DEBUG 14184 --- [HackatonWaki] [           main] o.s.b.f.s.DefaultListableBeanFactory     : Autowiring by type from bean name 'viewControllerHandlerMapping' via factory method to bean named 'mvcConversionService'
2024-10-06T05:23:33.153-03:00 DEBUG 14184 --- [HackatonWaki] [           main] o.s.b.f.s.DefaultListableBeanFactory     : Autowiring by type from bean name 'viewControllerHandlerMapping' via factory method to bean named 'mvcResourceUrlProvider'
2024-10-06T05:23:33.154-03:00 DEBUG 14184 --- [HackatonWaki] [           main] o.s.b.f.s.DefaultListableBeanFactory     : Creating shared instance of singleton bean 'beanNameHandlerMapping'
2024-10-06T05:23:33.154-03:00 DEBUG 14184 --- [HackatonWaki] [           main] o.s.b.f.s.DefaultListableBeanFactory     : Autowiring by type from bean name 'beanNameHandlerMapping' via factory method to bean named 'mvcConversionService'
2024-10-06T05:23:33.154-03:00 DEBUG 14184 --- [HackatonWaki] [           main] o.s.b.f.s.DefaultListableBeanFactory     : Autowiring by type from bean name 'beanNameHandlerMapping' via factory method to bean named 'mvcResourceUrlProvider'
2024-10-06T05:23:33.158-03:00 DEBUG 14184 --- [HackatonWaki] [           main] o.s.b.f.s.DefaultListableBeanFactory     : Creating shared instance of singleton bean 'routerFunctionMapping'
2024-10-06T05:23:33.158-03:00 DEBUG 14184 --- [HackatonWaki] [           main] o.s.b.f.s.DefaultListableBeanFactory     : Autowiring by type from bean name 'routerFunctionMapping' via factory method to bean named 'mvcConversionService'
2024-10-06T05:23:33.158-03:00 DEBUG 14184 --- [HackatonWaki] [           main] o.s.b.f.s.DefaultListableBeanFactory     : Autowiring by type from bean name 'routerFunctionMapping' via factory method to bean named 'mvcResourceUrlProvider'
2024-10-06T05:23:33.160-03:00 DEBUG 14184 --- [HackatonWaki] [           main] o.s.b.f.s.DefaultListableBeanFactory     : Creating shared instance of singleton bean 'messageConverters'
2024-10-06T05:23:33.160-03:00 DEBUG 14184 --- [HackatonWaki] [           main] o.s.b.f.s.DefaultListableBeanFactory     : Creating shared instance of singleton bean 'org.springframework.boot.autoconfigure.http.HttpMessageConvertersAutoConfiguration'
2024-10-06T05:23:33.164-03:00 DEBUG 14184 --- [HackatonWaki] [           main] o.s.b.f.s.DefaultListableBeanFactory     : Creating shared instance of singleton bean 'stringHttpMessageConverter'
2024-10-06T05:23:33.164-03:00 DEBUG 14184 --- [HackatonWaki] [           main] o.s.b.f.s.DefaultListableBeanFactory     : Creating shared instance of singleton bean 'org.springframework.boot.autoconfigure.http.HttpMessageConvertersAutoConfiguration$StringHttpMessageConverterConfiguration'
2024-10-06T05:23:33.166-03:00 DEBUG 14184 --- [HackatonWaki] [           main] o.s.b.f.s.DefaultListableBeanFactory     : Autowiring by type from bean name 'stringHttpMessageConverter' via factory method to bean named 'environment'
2024-10-06T05:23:33.170-03:00 DEBUG 14184 --- [HackatonWaki] [           main] o.s.b.f.s.DefaultListableBeanFactory     : Creating shared instance of singleton bean 'mappingJackson2HttpMessageConverter'
2024-10-06T05:23:33.170-03:00 DEBUG 14184 --- [HackatonWaki] [           main] o.s.b.f.s.DefaultListableBeanFactory     : Creating shared instance of singleton bean 'org.springframework.boot.autoconfigure.http.JacksonHttpMessageConvertersConfiguration$MappingJackson2HttpMessageConverterConfiguration'
[...]
      Did not match:
         - @ConditionalOnMissingClass found unwanted class 'org.springframework.boot.context.properties.bind.BindResult' (OnClassCondition)

   SpringDocConfiguration.SpringDocActuatorConfiguration:
      Did not match:
         - @ConditionalOnClass did not find required class 'org.springframework.boot.actuate.autoconfigure.endpoint.web.WebEndpointProperties' (OnClassCondition)

   SpringDocConfiguration.SpringDocRepositoryRestConfiguration:
      Did not match:
         - @ConditionalOnClass did not find required class 'org.springframework.data.rest.core.config.RepositoryRestConfiguration' (OnClassCondition)

   SpringDocConfiguration.SpringDocWebFluxSupportConfiguration:
      Did not match:
         - @ConditionalOnClass did not find required class 'reactor.core.publisher.Flux' (OnClassCondition)

   SpringDocDataRestConfiguration:
      Did not match:
         - @ConditionalOnClass did not find required class 'org.springframework.data.rest.core.config.RepositoryRestConfiguration' (OnClassCondition)

   SpringDocFunctionCatalogConfiguration:
      Did not match:
         - @ConditionalOnClass did not find required class 'org.springframework.cloud.function.web.function.FunctionEndpointInitializer' (OnClassCondition)

   SpringDocGroovyConfiguration:
      Did not match:
         - @ConditionalOnClass did not find required class 'groovy.lang.MetaClass' (OnClassCondition)

   SpringDocHateoasConfiguration:
      Did not match:
         - @ConditionalOnClass did not find required class 'org.springframework.hateoas.server.LinkRelationProvider' (OnClassCondition)

   SpringDocJacksonKotlinModuleConfiguration:
      Did not match:
         - @ConditionalOnClass did not find required class 'com.fasterxml.jackson.module.kotlin.KotlinModule' (OnClassCondition)

   SpringDocJavadocConfiguration:
      Did not match:
         - @ConditionalOnClass did not find required class 'com.github.therapi.runtimejavadoc.CommentFormatter' (OnClassCondition)

   SpringDocKotlinConfiguration:
      Did not match:
         - @ConditionalOnClass did not find required class 'kotlin.coroutines.Continuation' (OnClassCondition)

   SpringDocKotlinxConfiguration:
      Did not match:
         - @ConditionalOnClass did not find required class 'kotlinx.coroutines.flow.Flow' (OnClassCondition)

   SpringDocSecurityConfiguration.SpringDocSecurityOAuth2Configuration:
      Did not match:
         - @ConditionalOnClass did not find required class 'org.springframework.security.oauth2.server.authorization.OAuth2AuthorizationService' (OnClassCondition)

   SpringDocSecurityConfiguration.SpringSecurityLoginEndpointConfiguration#springSecurityLoginEndpointCustomiser:
      Did not match:
         - @ConditionalOnProperty (springdoc.show-login-endpoint) did not find property 'springdoc.show-login-endpoint' (OnPropertyCondition)

   SpringDocSortConfiguration#delegatingMethodParameterCustomizer:
      Did not match:
         - @ConditionalOnMissingBean (types: org.springdoc.core.customizers.DelegatingMethodParameterCustomizer; SearchStrategy: all) found beans of type 'org.springdoc.core.customizers.DelegatingMethodParameterCustomizer' delegatingMethodParameterCustomizer (OnBeanCondition)

   SpringDocWebMvcConfiguration.SpringDocWebMvcActuatorConfiguration:
      Did not match:
         - @ConditionalOnClass did not find required class 'org.springframework.boot.actuate.endpoint.web.servlet.WebMvcEndpointHandlerMapping' (OnClassCondition)

   SwaggerConfig#springWebProvider:
      Did not match:
         - @ConditionalOnMissingBean (types: org.springdoc.core.providers.SpringWebProvider; SearchStrategy: all) found beans of type 'org.springdoc.core.providers.SpringWebProvider' springWebProvider (OnBeanCondition)

   SwaggerConfig#swaggerUiConfigParameters:
      Did not match:
         - @ConditionalOnMissingBean (types: org.springdoc.core.properties.SwaggerUiConfigParameters; SearchStrategy: all) found beans of type 'org.springdoc.core.properties.SwaggerUiConfigParameters' org.springdoc.core.properties.SwaggerUiConfigParameters (OnBeanCondition)

   SwaggerConfig#swaggerUiHome:
      Did not match:
         - @ConditionalOnProperty (springdoc.swagger-ui.use-root-path=true) did not find property 'springdoc.swagger-ui.use-root-path' (OnPropertyCondition)

   SwaggerConfig.SwaggerActuatorWelcomeConfiguration:
      Did not match:
         - @ConditionalOnClass did not find required class 'org.springframework.boot.actuate.endpoint.web.servlet.WebMvcEndpointHandlerMapping' (OnClassCondition)

   TaskExecutorConfigurations.SimpleAsyncTaskExecutorBuilderConfiguration#simpleAsyncTaskExecutorBuilderVirtualThreads:
      Did not match:
         - @ConditionalOnMissingBean (types: org.springframework.boot.task.SimpleAsyncTaskExecutorBuilder; SearchStrategy: all) found beans of type 'org.springframework.boot.task.SimpleAsyncTaskExecutorBuilder' simpleAsyncTaskExecutorBuilder (OnBeanCondition)

   TaskExecutorConfigurations.TaskExecutorConfiguration#applicationTaskExecutorVirtualThreads:
      Did not match:
         - @ConditionalOnThreading did not find VIRTUAL (OnThreadingCondition)

   TaskSchedulingAutoConfiguration#scheduledBeanLazyInitializationExcludeFilter:
      Did not match:
         - @ConditionalOnBean (names: org.springframework.context.annotation.internalScheduledAnnotationProcessor; SearchStrategy: all) did not find any beans named org.springframework.context.annotation.internalScheduledAnnotationProcessor (OnBeanCondition)

   TaskSchedulingConfigurations.SimpleAsyncTaskSchedulerBuilderConfiguration#simpleAsyncTaskSchedulerBuilderVirtualThreads:
      Did not match:
         - @ConditionalOnMissingBean (types: org.springframework.boot.task.SimpleAsyncTaskSchedulerBuilder; SearchStrategy: all) found beans of type 'org.springframework.boot.task.SimpleAsyncTaskSchedulerBuilder' simpleAsyncTaskSchedulerBuilder (OnBeanCondition)

   TaskSchedulingConfigurations.TaskSchedulerConfiguration:
      Did not match:
         - @ConditionalOnBean (names: org.springframework.context.annotation.internalScheduledAnnotationProcessor; SearchStrategy: all) did not find any beans named org.springframework.context.annotation.internalScheduledAnnotationProcessor (OnBeanCondition)

   ThymeleafAutoConfiguration:
      Did not match:
         - @ConditionalOnClass did not find required class 'org.thymeleaf.spring6.SpringTemplateEngine' (OnClassCondition)

   TransactionAutoConfiguration#transactionalOperator:
      Did not match:
         - @ConditionalOnSingleCandidate (types: org.springframework.transaction.ReactiveTransactionManager; SearchStrategy: all) did not find any beans (OnBeanCondition)

   TransactionAutoConfiguration.AspectJTransactionManagementConfiguration:
      Did not match:
         - @ConditionalOnBean (types: org.springframework.transaction.aspectj.AbstractTransactionAspect; SearchStrategy: all) did not find any beans of type org.springframework.transaction.aspectj.AbstractTransactionAspect (OnBeanCondition)

   TransactionAutoConfiguration.EnableTransactionManagementConfiguration.JdkDynamicAutoProxyConfiguration:
      Did not match:
         - @ConditionalOnProperty (spring.aop.proxy-target-class=false) did not find property 'proxy-target-class' (OnPropertyCondition)

   UserDetailsServiceAutoConfiguration:
      Did not match:
         - @ConditionalOnMissingBean (types: org.springframework.security.authentication.AuthenticationManager,org.springframework.security.authentication.AuthenticationProvider,org.springframework.security.core.userdetails.UserDetailsService,org.springframework.security.authentication.AuthenticationManagerResolver,org.springframework.security.oauth2.jwt.JwtDecoder; SearchStrategy: all) found beans of type 'org.springframework.security.authentication.AuthenticationManager' authenticationManager and found beans of type 'org.springframework.security.core.userdetails.UserDetailsService' userDetailsServiceImpl (OnBeanCondition)
      Matched:
         - @ConditionalOnClass found required class 'org.springframework.security.authentication.AuthenticationManager' (OnClassCondition)
         - AnyNestedCondition 1 matched 2 did not; NestedCondition on UserDetailsServiceAutoConfiguration.MissingAlternativeOrUserPropertiesConfigured.PasswordConfigured @ConditionalOnProperty (spring.security.user.password) did not find property 'password'; NestedCondition on UserDetailsServiceAutoConfiguration.MissingAlternativeOrUserPropertiesConfigured.NameConfigured @ConditionalOnProperty (spring.security.user.name) did not find property 'name'; NestedCondition on UserDetailsServiceAutoConfiguration.MissingAlternativeOrUserPropertiesConfigured.MissingAlternative @ConditionalOnMissingClass did not find unwanted classes 'org.springframework.security.oauth2.client.registration.ClientRegistrationRepository', 'org.springframework.security.oauth2.server.resource.introspection.OpaqueTokenIntrospector', 'org.springframework.security.saml2.provider.service.registration.RelyingPartyRegistrationRepository' (UserDetailsServiceAutoConfiguration.MissingAlternativeOrUserPropertiesConfigured)

   WebClientAutoConfiguration:
      Did not match:
         - @ConditionalOnClass did not find required class 'org.springframework.web.reactive.function.client.WebClient' (OnClassCondition)

   WebFluxAutoConfiguration:
      Did not match:
         - @ConditionalOnClass did not find required class 'org.springframework.web.reactive.config.WebFluxConfigurer' (OnClassCondition)

   WebMvcAutoConfiguration#hiddenHttpMethodFilter:
      Did not match:
         - @ConditionalOnProperty (spring.mvc.hiddenmethod.filter.enabled) did not find property 'enabled' (OnPropertyCondition)

   WebMvcAutoConfiguration.ProblemDetailsErrorHandlingConfiguration:
      Did not match:
         - @ConditionalOnProperty (spring.mvc.problemdetails.enabled=true) did not find property 'enabled' (OnPropertyCondition)

   WebMvcAutoConfiguration.ResourceChainCustomizerConfiguration:
      Did not match:
         - @ConditionalOnEnabledResourceChain did not find class org.webjars.WebJarAssetLocator (OnEnabledResourceChainCondition)

   WebMvcAutoConfiguration.WebMvcAutoConfigurationAdapter#beanNameViewResolver:
      Did not match:
         - @ConditionalOnMissingBean (types: org.springframework.web.servlet.view.BeanNameViewResolver; SearchStrategy: all) found beans of type 'org.springframework.web.servlet.view.BeanNameViewResolver' beanNameViewResolver (OnBeanCondition)

   WebServiceTemplateAutoConfiguration:
      Did not match:
         - @ConditionalOnClass did not find required class 'org.springframework.oxm.Marshaller' (OnClassCondition)

   WebServicesAutoConfiguration:
      Did not match:
         - @ConditionalOnClass did not find required class 'org.springframework.ws.transport.http.MessageDispatcherServlet' (OnClassCondition)

   WebSessionIdResolverAutoConfiguration:
      Did not match:
         - @ConditionalOnClass did not find required class 'reactor.core.publisher.Mono' (OnClassCondition)

   WebSocketMessagingAutoConfiguration:
      Did not match:
         - @ConditionalOnClass did not find required class 'org.springframework.web.socket.config.annotation.WebSocketMessageBrokerConfigurer' (OnClassCondition)

   WebSocketReactiveAutoConfiguration:
      Did not match:
         - @ConditionalOnWebApplication did not find reactive web application classes (OnWebApplicationCondition)

   WebSocketServletAutoConfiguration.JettyWebSocketConfiguration:
      Did not match:
         - @ConditionalOnClass did not find required class 'org.eclipse.jetty.ee10.websocket.jakarta.server.config.JakartaWebSocketServletContainerInitializer' (OnClassCondition)

   WebSocketServletAutoConfiguration.UndertowWebSocketConfiguration:
      Did not match:
         - @ConditionalOnClass did not find required class 'io.undertow.websockets.jsr.Bootstrap' (OnClassCondition)

   XADataSourceAutoConfiguration:
      Did not match:
         - @ConditionalOnBean (types: org.springframework.boot.jdbc.XADataSourceWrapper; SearchStrategy: all) did not find any beans of type org.springframework.boot.jdbc.XADataSourceWrapper (OnBeanCondition)
      Matched:
         - @ConditionalOnClass found required classes 'javax.sql.DataSource', 'jakarta.transaction.TransactionManager', 'org.springframework.jdbc.datasource.embedded.EmbeddedDatabaseType' (OnClassCondition)


Exclusions:
-----------

    None


Unconditional classes:
----------------------

    org.springframework.boot.autoconfigure.context.ConfigurationPropertiesAutoConfiguration

    org.springframework.boot.autoconfigure.ssl.SslAutoConfiguration

    org.springframework.boot.autoconfigure.context.PropertyPlaceholderAutoConfiguration

    org.springframework.boot.autoconfigure.context.LifecycleAutoConfiguration

    org.springdoc.core.configuration.SpringDocSpecPropertiesConfiguration

    org.springframework.boot.autoconfigure.availability.ApplicationAvailabilityAutoConfiguration

    org.springframework.boot.autoconfigure.info.ProjectInfoAutoConfiguration



2024-10-06T05:23:33.853-03:00  INFO 14184 --- [HackatonWaki] [           main] H.HackatonWakiApplicationTests           : Started HackatonWakiApplicationTests in 11.126 seconds (process running for 12.396)
2024-10-06T05:23:33.855-03:00 DEBUG 14184 --- [HackatonWaki] [           main] o.s.b.a.ApplicationAvailabilityBean      : Application availability state LivenessState changed to CORRECT
2024-10-06T05:23:33.858-03:00 DEBUG 14184 --- [HackatonWaki] [           main] o.s.boot.devtools.restart.Restarter      : Creating new Restarter for thread Thread[#1,main,5,main]
2024-10-06T05:23:33.858-03:00 DEBUG 14184 --- [HackatonWaki] [           main] o.s.b.a.ApplicationAvailabilityBean      : Application availability state ReadinessState changed to ACCEPTING_TRAFFIC
2024-10-06T05:23:33.861-03:00 DEBUG 14184 --- [HackatonWaki] [           main] org.springframework.test.context.cache   : Spring test ApplicationContext cache statistics: [DefaultContextCache@399ac1a3 size = 1, maxSize = 32, parentContextCount = 0, hitCount = 0, missCount = 1, failureCount = 0]
2024-10-06T05:23:33.862-03:00 DEBUG 14184 --- [HackatonWaki] [           main] o.s.t.c.w.ServletTestExecutionListener   : Setting up MockHttpServletRequest, MockHttpServletResponse, ServletWebRequest, and RequestContextHolder for test class HackatonWaki.HackatonWakiApplicationTests
2024-10-06T05:23:33.876-03:00 DEBUG 14184 --- [HackatonWaki] [           main] DependencyInjectionTestExecutionListener : Performing dependency injection for test class HackatonWaki.HackatonWakiApplicationTests
2024-10-06T05:23:33.876-03:00 DEBUG 14184 --- [HackatonWaki] [           main] org.springframework.test.context.cache   : Spring test ApplicationContext cache statistics: [DefaultContextCache@399ac1a3 size = 1, maxSize = 32, parentContextCount = 0, hitCount = 1, missCount = 1, failureCount = 0]
2024-10-06T05:23:33.877-03:00 DEBUG 14184 --- [HackatonWaki] [           main] org.springframework.test.context.cache   : Spring test ApplicationContext cache statistics: [DefaultContextCache@399ac1a3 size = 1, maxSize = 32, parentContextCount = 0, hitCount = 2, missCount = 1, failureCount = 0]
2024-10-06T05:23:33.883-03:00 DEBUG 14184 --- [HackatonWaki] [           main] sContextBeforeModesTestExecutionListener : Before test method: class [HackatonWakiApplicationTests], method [contextLoads], class annotated with @DirtiesContext [false] with mode [null], method annotated with @DirtiesContext [false] with mode [null]
2024-10-06T05:23:33.885-03:00 DEBUG 14184 --- [HackatonWaki] [           main] org.springframework.test.context.cache   : Spring test ApplicationContext cache statistics: [DefaultContextCache@399ac1a3 size = 1, maxSize = 32, parentContextCount = 0, hitCount = 3, missCount = 1, failureCount = 0]
2024-10-06T05:23:33.885-03:00 DEBUG 14184 --- [HackatonWaki] [           main] org.springframework.test.context.cache   : Spring test ApplicationContext cache statistics: [DefaultContextCache@399ac1a3 size = 1, maxSize = 32, parentContextCount = 0, hitCount = 4, missCount = 1, failureCount = 0]
2024-10-06T05:23:34.334-03:00 DEBUG 14184 --- [HackatonWaki] [onnection adder] com.zaxxer.hikari.pool.HikariPool        : HikariPool-1 - Added connection com.mysql.cj.jdbc.ConnectionImpl@6de91b3d
2024-10-06T05:23:34.367-03:00 DEBUG 14184 --- [HackatonWaki] [           main] org.springframework.test.context.cache   : Spring test ApplicationContext cache statistics: [DefaultContextCache@399ac1a3 size = 1, maxSize = 32, parentContextCount = 0, hitCount = 5, missCount = 1, failureCount = 0]
2024-10-06T05:23:34.372-03:00 DEBUG 14184 --- [HackatonWaki] [onnection adder] com.zaxxer.hikari.pool.HikariPool        : HikariPool-1 - After adding stats (total=4, active=0, idle=4, waiting=0)
2024-10-06T05:23:34.372-03:00 DEBUG 14184 --- [HackatonWaki] [           main] org.springframework.test.context.cache   : Spring test ApplicationContext cache statistics: [DefaultContextCache@399ac1a3 size = 1, maxSize = 32, parentContextCount = 0, hitCount = 6, missCount = 1, failureCount = 0]
2024-10-06T05:23:34.373-03:00 DEBUG 14184 --- [HackatonWaki] [           main] org.springframework.test.context.cache   : Spring test ApplicationContext cache statistics: [DefaultContextCache@399ac1a3 size = 1, maxSize = 32, parentContextCount = 0, hitCount = 7, missCount = 1, failureCount = 0]
2024-10-06T05:23:34.373-03:00 DEBUG 14184 --- [HackatonWaki] [           main] org.springframework.test.context.cache   : Spring test ApplicationContext cache statistics: [DefaultContextCache@399ac1a3 size = 1, maxSize = 32, parentContextCount = 0, hitCount = 8, missCount = 1, failureCount = 0]
2024-10-06T05:23:34.374-03:00 DEBUG 14184 --- [HackatonWaki] [           main] org.springframework.test.context.cache   : Spring test ApplicationContext cache statistics: [DefaultContextCache@399ac1a3 size = 1, maxSize = 32, parentContextCount = 0, hitCount = 9, missCount = 1, failureCount = 0]
2024-10-06T05:23:34.375-03:00 DEBUG 14184 --- [HackatonWaki] [           main] org.springframework.test.context.cache   : Spring test ApplicationContext cache statistics: [DefaultContextCache@399ac1a3 size = 1, maxSize = 32, parentContextCount = 0, hitCount = 10, missCount = 1, failureCount = 0]
2024-10-06T05:23:34.377-03:00 DEBUG 14184 --- [HackatonWaki] [           main] org.springframework.test.context.cache   : Spring test ApplicationContext cache statistics: [DefaultContextCache@399ac1a3 size = 1, maxSize = 32, parentContextCount = 0, hitCount = 11, missCount = 1, failureCount = 0]
2024-10-06T05:23:34.377-03:00 DEBUG 14184 --- [HackatonWaki] [           main] org.springframework.test.context.cache   : Spring test ApplicationContext cache statistics: [DefaultContextCache@399ac1a3 size = 1, maxSize = 32, parentContextCount = 0, hitCount = 12, missCount = 1, failureCount = 0]
2024-10-06T05:23:34.378-03:00 DEBUG 14184 --- [HackatonWaki] [           main] .c.s.DirtiesContextTestExecutionListener : After test method: class [HackatonWakiApplicationTests], method [contextLoads], class annotated with @DirtiesContext [false] with mode [null], method annotated with @DirtiesContext [false] with mode [null]
2024-10-06T05:23:34.378-03:00 DEBUG 14184 --- [HackatonWaki] [           main] o.s.t.c.w.ServletTestExecutionListener   : Resetting RequestContextHolder for test class HackatonWaki.HackatonWakiApplicationTests
]]></system-out>
    <system-err><![CDATA[WARNING: A Java agent has been loaded dynamically (C:\Users\Cristian\.m2\repository\net\bytebuddy\byte-buddy-agent\1.14.19\byte-buddy-agent-1.14.19.jar)
WARNING: If a serviceability tool is in use, please run with -XX:+EnableDynamicAgentLoading to hide this warning
WARNING: If a serviceability tool is not in use, please run with -Djdk.instrument.traceUsage for more information
WARNING: Dynamic loading of agents will be disallowed by default in a future release
]]></system-err>
  </testcase>
</testsuite>